This is pdfTeX, Version 3.141592653-2.6-1.40.26 (MiKTeX 24.3.31) (preloaded format=pdflatex 2024.4.20)  18 JUL 2024 20:54
entering extended mode
 \write18 enabled.
 %&-line parsing enabled.
**./main.tex
(main.tex
LaTeX2e <2023-11-01> patch level 1
L3 programming layer <2024-03-14>
(C:\Users\menen\AppData\Local\Programs\MiKTeX\tex/latex/base\report.cls
Document Class: report 2023/05/17 v1.4n Standard LaTeX document class
(C:\Users\menen\AppData\Local\Programs\MiKTeX\tex/latex/base\size10.clo
File: size10.clo 2023/05/17 v1.4n Standard LaTeX file (size option)
)
\c@part=\count188
\c@chapter=\count189
\c@section=\count190
\c@subsection=\count191
\c@subsubsection=\count192
\c@paragraph=\count193
\c@subparagraph=\count194
\c@figure=\count195
\c@table=\count196
\abovecaptionskip=\skip48
\belowcaptionskip=\skip49
\bibindent=\dimen140
)
(C:\Users\menen\AppData\Local\Programs\MiKTeX\tex/latex/geometry\geometry.sty
Package: geometry 2020/01/02 v5.9 Page Geometry

(C:\Users\menen\AppData\Local\Programs\MiKTeX\tex/latex/graphics\keyval.sty
Package: keyval 2022/05/29 v1.15 key=value parser (DPC)
\KV@toks@=\toks17
)
(C:\Users\menen\AppData\Local\Programs\MiKTeX\tex/generic/iftex\ifvtex.sty
Package: ifvtex 2019/10/25 v1.7 ifvtex legacy package. Use iftex instead.

(C:\Users\menen\AppData\Local\Programs\MiKTeX\tex/generic/iftex\iftex.sty
Package: iftex 2022/02/03 v1.0f TeX engine tests
))
\Gm@cnth=\count197
\Gm@cntv=\count198
\c@Gm@tempcnt=\count199
\Gm@bindingoffset=\dimen141
\Gm@wd@mp=\dimen142
\Gm@odd@mp=\dimen143
\Gm@even@mp=\dimen144
\Gm@layoutwidth=\dimen145
\Gm@layoutheight=\dimen146
\Gm@layouthoffset=\dimen147
\Gm@layoutvoffset=\dimen148
\Gm@dimlist=\toks18

(C:\Users\menen\AppData\Local\Programs\MiKTeX\tex/latex/geometry\geometry.cfg))
(C:\Users\menen\AppData\Local\Programs\MiKTeX\tex/latex/minted\minted.sty
Package: minted 2023/12/18 v2.9 Yet another Pygments shim for LaTeX

(C:\Users\menen\AppData\Local\Programs\MiKTeX\tex/latex/kvoptions\kvoptions.sty
Package: kvoptions 2022-06-15 v3.15 Key value format for package options (HO)
(C:\Users\menen\AppData\Local\Programs\MiKTeX\tex/generic/ltxcmds\ltxcmds.sty
Package: ltxcmds 2023-12-04 v1.26 LaTeX kernel commands for general use (HO)
)
(C:\Users\menen\AppData\Local\Programs\MiKTeX\tex/latex/kvsetkeys\kvsetkeys.sty
Package: kvsetkeys 2022-10-05 v1.19 Key value parser (HO)
)) (C:\Users\menen\AppData\Local\Programs\MiKTeX\tex/latex/fvextra\fvextra.sty
Package: fvextra 2023/11/28 v1.6.1 fvextra - extensions and patches for fancyvr
b

(C:\Users\menen\AppData\Local\Programs\MiKTeX\tex/latex/etoolbox\etoolbox.sty
Package: etoolbox 2020/10/05 v2.5k e-TeX tools for LaTeX (JAW)
\etb@tempcnta=\count266
)
(C:\Users\menen\AppData\Local\Programs\MiKTeX\tex/latex/fancyvrb\fancyvrb.sty
Package: fancyvrb 2024/01/20 4.5c verbatim text (tvz,hv)
\FV@CodeLineNo=\count267
\FV@InFile=\read2
\FV@TabBox=\box51
\c@FancyVerbLine=\count268
\FV@StepNumber=\count269
\FV@OutFile=\write3
)
(C:\Users\menen\AppData\Local\Programs\MiKTeX\tex/latex/upquote\upquote.sty
Package: upquote 2012/04/19 v1.3 upright-quote and grave-accent glyphs in verba
tim
)
(C:\Users\menen\AppData\Local\Programs\MiKTeX\tex/latex/lineno\lineno.sty
Package: lineno 2023/05/20 line numbers on paragraphs v5.3
\linenopenalty=\count270
\output=\toks19
\linenoprevgraf=\count271
\linenumbersep=\dimen149
\linenumberwidth=\dimen150
\c@linenumber=\count272
\c@pagewiselinenumber=\count273
\c@LN@truepage=\count274
\c@internallinenumber=\count275
\c@internallinenumbers=\count276
\quotelinenumbersep=\dimen151
\bframerule=\dimen152
\bframesep=\dimen153
\bframebox=\box52
LaTeX Info: Redefining \\ on input line 3180.
)
\c@FancyVerbWriteLine=\count277
\c@FancyVerbBufferIndex=\count278
\c@FancyVerbBufferLength=\count279
\c@FancyVerbBufferLine=\count280
\c@FV@oldbufferlength=\count281
\c@FV@TrueTabGroupLevel=\count282
\c@FV@TrueTabCounter=\count283
\FV@TabBox@Group=\box53
\FV@TmpLength=\skip50
\c@FV@HighlightLinesStart=\count284
\c@FV@HighlightLinesStop=\count285
\FV@LoopCount=\count286
\FV@NCharsBox=\box54
\FV@BreakIndent=\dimen154
\FV@BreakIndentNChars=\count287
\FV@BreakSymbolSepLeft=\dimen155
\FV@BreakSymbolSepLeftNChars=\count288
\FV@BreakSymbolSepRight=\dimen156
\FV@BreakSymbolSepRightNChars=\count289
\FV@BreakSymbolIndentLeft=\dimen157
\FV@BreakSymbolIndentLeftNChars=\count290
\FV@BreakSymbolIndentRight=\dimen158
\FV@BreakSymbolIndentRightNChars=\count291
\c@FancyVerbLineBreakLast=\count292
\FV@LineBox=\box55
\FV@LineIndentBox=\box56
\c@FV@BreakBufferDepth=\count293
\FV@LineWidth=\dimen159
)
(C:\Users\menen\AppData\Local\Programs\MiKTeX\tex/latex/base\ifthen.sty
Package: ifthen 2022/04/13 v1.1d Standard LaTeX ifthen package (DPC)
)
(C:\Users\menen\AppData\Local\Programs\MiKTeX\tex/latex/tools\shellesc.sty
Package: shellesc 2023/07/08 v1.0d unified shell escape interface for LaTeX
Package shellesc Info: Unrestricted shell escape enabled on input line 75.
)
(C:\Users\menen\AppData\Local\Programs\MiKTeX\tex/latex/ifplatform\ifplatform.s
ty
Package: ifplatform 2017/10/13 v0.4a Testing for the operating system

(C:\Users\menen\AppData\Local\Programs\MiKTeX\tex/generic/pdftexcmds\pdftexcmds
.sty
Package: pdftexcmds 2020-06-27 v0.33 Utility functions of pdfTeX for LuaTeX (HO
)

(C:\Users\menen\AppData\Local\Programs\MiKTeX\tex/generic/infwarerr\infwarerr.s
ty
Package: infwarerr 2019/12/03 v1.5 Providing info/warning/error messages (HO)
)
Package pdftexcmds Info: \pdf@primitive is available.
Package pdftexcmds Info: \pdf@ifprimitive is available.
Package pdftexcmds Info: \pdfdraftmode found.
)
(C:\Users\menen\AppData\Local\Programs\MiKTeX\tex/generic/catchfile\catchfile.s
ty
Package: catchfile 2019/12/09 v1.8 Catch the contents of a file (HO)

(C:\Users\menen\AppData\Local\Programs\MiKTeX\tex/generic/etexcmds\etexcmds.sty
Package: etexcmds 2019/12/15 v1.7 Avoid name clashes with e-TeX commands (HO)
)) (C:\Users\menen\AppData\Local\Programs\MiKTeX\tex/generic/iftex\ifluatex.sty
Package: ifluatex 2019/10/25 v1.5 ifluatex legacy package. Use iftex instead.
)) (C:\Users\menen\AppData\Local\Programs\MiKTeX\tex/latex/xstring\xstring.sty
(C:\Users\menen\AppData\Local\Programs\MiKTeX\tex/generic/xstring\xstring.tex
\xs_counta=\count294
\xs_countb=\count295
)
Package: xstring 2023/08/22 v1.86 String manipulations (CT)
) (C:\Users\menen\AppData\Local\Programs\MiKTeX\tex/latex/framed\framed.sty
Package: framed 2011/10/22 v 0.96: framed or shaded text with page breaks
\OuterFrameSep=\skip51
\fb@frw=\dimen160
\fb@frh=\dimen161
\FrameRule=\dimen162
\FrameSep=\dimen163
)
(C:\Users\menen\AppData\Local\Programs\MiKTeX\tex/latex/float\float.sty
Package: float 2001/11/08 v1.3d Float enhancements (AL)
\c@float@type=\count296
\float@exts=\toks20
\float@box=\box57
\@float@everytoks=\toks21
\@floatcapt=\box58
)
\minted@appexistsfile=\read3
\minted@bgbox=\box59
\minted@code=\write4
\c@minted@FancyVerbLineTemp=\count297
\c@minted@pygmentizecounter=\count298
\@float@every@listing=\toks22
\c@listing=\count299
)
(C:\Users\menen\AppData\Local\Programs\MiKTeX\tex/generic/babel\babel.sty
Package: babel 2024/03/29 v24.3 The Babel package
\babel@savecnt=\count300
\U@D=\dimen164
\l@unhyphenated=\language79

(C:\Users\menen\AppData\Local\Programs\MiKTeX\tex/generic/babel\txtbabel.def)
\bbl@readstream=\read4
\bbl@dirlevel=\count301

*************************************
* Local config file bblopts.cfg used
*
(C:\Users\menen\AppData\Local\Programs\MiKTeX\tex/latex/arabi\bblopts.cfg
File: bblopts.cfg 2005/09/08 v0.1 add Arabic and Farsi to "declared" options of
 babel
)
(C:\Users\menen\AppData\Local\Programs\MiKTeX\tex/latex/babel-spanish\spanish.l
df
Language: spanish.ldf 2021/05/27 v5.0q Spanish support from the babel system
\es@quottoks=\toks23
\es@quotdepth=\count302
Package babel Info: Making " an active character on input line 570.
Package babel Info: Making . an active character on input line 675.
Package babel Info: Making < an active character on input line 722.
Package babel Info: Making > an active character on input line 722.
))
(C:\Users\menen\AppData\Local\Programs\MiKTeX\tex/generic/babel/locale/es\babel
-spanish.tex
Package babel Info: Importing font and identification data for spanish
(babel)             from babel-es.ini. Reported on input line 11.
)
(C:\Users\menen\AppData\Local\Programs\MiKTeX\tex/latex/lipsum\lipsum.sty
(C:\Users\menen\AppData\Local\Programs\MiKTeX\tex/latex/l3packages/l3keys2e\l3k
eys2e.sty
(C:\Users\menen\AppData\Local\Programs\MiKTeX\tex/latex/l3kernel\expl3.sty
Package: expl3 2024-03-14 L3 programming layer (loader) 

(C:\Users\menen\AppData\Local\Programs\MiKTeX\tex/latex/l3backend\l3backend-pdf
tex.def
File: l3backend-pdftex.def 2024-03-14 L3 backend support: PDF output (pdfTeX)
\l__color_backend_stack_int=\count303
\l__pdf_internal_box=\box60
))
Package: l3keys2e 2024-03-14 LaTeX2e option processing using LaTeX3 keys
)
Package: lipsum 2021-09-20 v2.7 150 paragraphs of Lorem Ipsum dummy text
\g__lipsum_par_int=\count304
\l__lipsum_a_int=\count305
\l__lipsum_b_int=\count306

(C:\Users\menen\AppData\Local\Programs\MiKTeX\tex/latex/lipsum\lipsum.ltd.tex))
(C:\Users\menen\AppData\Local\Programs\MiKTeX\tex/latex/mwe\mwe.sty
Package: mwe 2018/03/30 v0.5 Package to support minimal working examples (MWE)

(C:\Users\menen\AppData\Local\Programs\MiKTeX\tex/latex/graphics\graphicx.sty
Package: graphicx 2021/09/16 v1.2d Enhanced LaTeX Graphics (DPC,SPQR)

(C:\Users\menen\AppData\Local\Programs\MiKTeX\tex/latex/graphics\graphics.sty
Package: graphics 2022/03/10 v1.4e Standard LaTeX Graphics (DPC,SPQR)

(C:\Users\menen\AppData\Local\Programs\MiKTeX\tex/latex/graphics\trig.sty
Package: trig 2021/08/11 v1.11 sin cos tan (DPC)
)
(C:\Users\menen\AppData\Local\Programs\MiKTeX\tex/latex/graphics-cfg\graphics.c
fg
File: graphics.cfg 2016/06/04 v1.11 sample graphics configuration
)
Package graphics Info: Driver file: pdftex.def on input line 107.

(C:\Users\menen\AppData\Local\Programs\MiKTeX\tex/latex/graphics-def\pdftex.def
File: pdftex.def 2022/09/22 v1.2b Graphics/color driver for pdftex
))
\Gin@req@height=\dimen165
\Gin@req@width=\dimen166
)
(C:\Users\menen\AppData\Local\Programs\MiKTeX\tex/latex/blindtext\blindtext.sty
Package: blindtext 2012/01/06 V2.0 blindtext-Package
(C:\Users\menen\AppData\Local\Programs\MiKTeX\tex/latex/tools\xspace.sty
Package: xspace 2014/10/28 v1.13 Space after command names (DPC,MH)
)
\c@blindtext=\count307
\c@Blindtext=\count308
\c@blind@countparstart=\count309
\blind@countxx=\count310
\blindtext@numBlindtext=\count311
\blind@countyy=\count312
\c@blindlist=\count313
\c@blindlistlevel=\count314
\c@blindlist@level=\count315
\blind@listitem=\count316
\c@blind@listcount=\count317
\c@blind@levelcount=\count318
\blind@mathformula=\count319
\blind@Mathformula=\count320
\c@blind@randomcount=\count321
\c@blind@randommax=\count322
\c@blind@pangramcount=\count323
\c@blind@pangrammax=\count324
))
(C:\Users\menen\AppData\Local\Programs\MiKTeX\tex/latex/amsmath\amsmath.sty
Package: amsmath 2023/05/13 v2.17o AMS math features
\@mathmargin=\skip52

For additional information on amsmath, use the `?' option.
(C:\Users\menen\AppData\Local\Programs\MiKTeX\tex/latex/amsmath\amstext.sty
Package: amstext 2021/08/26 v2.01 AMS text

(C:\Users\menen\AppData\Local\Programs\MiKTeX\tex/latex/amsmath\amsgen.sty
File: amsgen.sty 1999/11/30 v2.0 generic functions
\@emptytoks=\toks24
\ex@=\dimen167
))
(C:\Users\menen\AppData\Local\Programs\MiKTeX\tex/latex/amsmath\amsbsy.sty
Package: amsbsy 1999/11/29 v1.2d Bold Symbols
\pmbraise@=\dimen168
)
(C:\Users\menen\AppData\Local\Programs\MiKTeX\tex/latex/amsmath\amsopn.sty
Package: amsopn 2022/04/08 v2.04 operator names
)
\inf@bad=\count325
LaTeX Info: Redefining \frac on input line 234.
\uproot@=\count326
\leftroot@=\count327
LaTeX Info: Redefining \overline on input line 399.
LaTeX Info: Redefining \colon on input line 410.
\classnum@=\count328
\DOTSCASE@=\count329
LaTeX Info: Redefining \ldots on input line 496.
LaTeX Info: Redefining \dots on input line 499.
LaTeX Info: Redefining \cdots on input line 620.
\Mathstrutbox@=\box61
\strutbox@=\box62
LaTeX Info: Redefining \big on input line 722.
LaTeX Info: Redefining \Big on input line 723.
LaTeX Info: Redefining \bigg on input line 724.
LaTeX Info: Redefining \Bigg on input line 725.
\big@size=\dimen169
LaTeX Font Info:    Redeclaring font encoding OML on input line 743.
LaTeX Font Info:    Redeclaring font encoding OMS on input line 744.
\macc@depth=\count330
LaTeX Info: Redefining \bmod on input line 905.
LaTeX Info: Redefining \pmod on input line 910.
LaTeX Info: Redefining \smash on input line 940.
LaTeX Info: Redefining \relbar on input line 970.
LaTeX Info: Redefining \Relbar on input line 971.
\c@MaxMatrixCols=\count331
\dotsspace@=\muskip16
\c@parentequation=\count332
\dspbrk@lvl=\count333
\tag@help=\toks25
\row@=\count334
\column@=\count335
\maxfields@=\count336
\andhelp@=\toks26
\eqnshift@=\dimen170
\alignsep@=\dimen171
\tagshift@=\dimen172
\tagwidth@=\dimen173
\totwidth@=\dimen174
\lineht@=\dimen175
\@envbody=\toks27
\multlinegap=\skip53
\multlinetaggap=\skip54
\mathdisplay@stack=\toks28
LaTeX Info: Redefining \[ on input line 2953.
LaTeX Info: Redefining \] on input line 2954.
)
\linenoamsmath@ams@eqpen=\count337

(C:\Users\menen\AppData\Local\Programs\MiKTeX\tex/latex/amsfonts\amsfonts.sty
Package: amsfonts 2013/01/14 v3.01 Basic AMSFonts support
\symAMSa=\mathgroup4
\symAMSb=\mathgroup5
LaTeX Font Info:    Redeclaring math symbol \hbar on input line 98.
LaTeX Font Info:    Overwriting math alphabet `\mathfrak' in version `bold'
(Font)                  U/euf/m/n --> U/euf/b/n on input line 106.
)
(C:\Users\menen\AppData\Local\Programs\MiKTeX\tex/latex/listings\listings.sty
\lst@mode=\count338
\lst@gtempboxa=\box63
\lst@token=\toks29
\lst@length=\count339
\lst@currlwidth=\dimen176
\lst@column=\count340
\lst@pos=\count341
\lst@lostspace=\dimen177
\lst@width=\dimen178
\lst@newlines=\count342
\lst@lineno=\count343
\lst@maxwidth=\dimen179

(C:\Users\menen\AppData\Local\Programs\MiKTeX\tex/latex/listings\lstpatch.sty
File: lstpatch.sty 2024/03/11 1.10a (Carsten Heinz)
)
(C:\Users\menen\AppData\Local\Programs\MiKTeX\tex/latex/listings\lstmisc.sty
File: lstmisc.sty 2024/03/11 1.10a (Carsten Heinz)
\c@lstnumber=\count344
\lst@skipnumbers=\count345
\lst@framebox=\box64
)
(C:\Users\menen\AppData\Local\Programs\MiKTeX\tex/latex/listings\listings.cfg
File: listings.cfg 2024/03/11 1.10a listings configuration
))
Package: listings 2024/03/11 1.10a (Carsten Heinz)

(C:\Users\menen\AppData\Local\Programs\MiKTeX\tex/latex/algorithm2e\algorithm2e
.sty
Package: algorithm2e 2017/07/18 v5.2 algorithms environments
\c@AlgoLine=\count346
\algocf@hangindent=\skip55

(C:\Users\menen\AppData\Local\Programs\MiKTeX\tex/latex/ifoddpage\ifoddpage.sty
Package: ifoddpage 2022/10/18 v1.2 Conditionals for odd/even page detection
\c@checkoddpage=\count347
) (C:\Users\menen\AppData\Local\Programs\MiKTeX\tex/latex/relsize\relsize.sty
Package: relsize 2013/03/29 ver 4.1
)
\skiptotal=\skip56
\skiplinenumber=\skip57
\skiprule=\skip58
\skiphlne=\skip59
\skiptext=\skip60
\skiplength=\skip61
\algomargin=\skip62
\skipalgocfslide=\skip63
\algowidth=\dimen180
\inoutsize=\dimen181
\inoutindent=\dimen182
\interspacetitleruled=\dimen183
\interspacealgoruled=\dimen184
\interspacetitleboxruled=\dimen185
\algocf@ruledwidth=\skip64
\algocf@inoutbox=\box65
\algocf@inputbox=\box66
\AlCapSkip=\skip65
\AlCapHSkip=\skip66
\algoskipindent=\skip67
\algocf@nlbox=\box67
\algocf@hangingbox=\box68
\algocf@untilbox=\box69
\algocf@skipuntil=\skip68
\algocf@capbox=\box70
\algocf@lcaptionbox=\skip69
\algoheightruledefault=\skip70
\algoheightrule=\skip71
\algotitleheightruledefault=\skip72
\algotitleheightrule=\skip73
\c@algocfline=\count348
\c@algocfproc=\count349
\c@algocf=\count350
\algocf@algoframe=\box71
\algocf@algobox=\box72
)
(C:\Users\menen\AppData\Local\Programs\MiKTeX\tex/latex/algorithms\algorithmic.
sty
Package: algorithmic 2009/08/24 v0.1 Document Style `algorithmic'
\c@ALC@unique=\count351
\c@ALC@line=\count352
\c@ALC@rem=\count353
\c@ALC@depth=\count354
\ALC@tlm=\skip74
\algorithmicindent=\skip75
)
(C:\Users\menen\AppData\Local\Programs\MiKTeX\tex/latex/pgf/frontendlayer\tikz.
sty
(C:\Users\menen\AppData\Local\Programs\MiKTeX\tex/latex/pgf/basiclayer\pgf.sty
(C:\Users\menen\AppData\Local\Programs\MiKTeX\tex/latex/pgf/utilities\pgfrcs.st
y
(C:\Users\menen\AppData\Local\Programs\MiKTeX\tex/generic/pgf/utilities\pgfutil
-common.tex
\pgfutil@everybye=\toks30
\pgfutil@tempdima=\dimen186
\pgfutil@tempdimb=\dimen187
)
(C:\Users\menen\AppData\Local\Programs\MiKTeX\tex/generic/pgf/utilities\pgfutil
-latex.def
\pgfutil@abb=\box73
)
(C:\Users\menen\AppData\Local\Programs\MiKTeX\tex/generic/pgf/utilities\pgfrcs.
code.tex
(C:\Users\menen\AppData\Local\Programs\MiKTeX\tex/generic/pgf\pgf.revision.tex)
Package: pgfrcs 2023-01-15 v3.1.10 (3.1.10)
))
Package: pgf 2023-01-15 v3.1.10 (3.1.10)

(C:\Users\menen\AppData\Local\Programs\MiKTeX\tex/latex/pgf/basiclayer\pgfcore.
sty
(C:\Users\menen\AppData\Local\Programs\MiKTeX\tex/latex/pgf/systemlayer\pgfsys.
sty
(C:\Users\menen\AppData\Local\Programs\MiKTeX\tex/generic/pgf/systemlayer\pgfsy
s.code.tex
Package: pgfsys 2023-01-15 v3.1.10 (3.1.10)

(C:\Users\menen\AppData\Local\Programs\MiKTeX\tex/generic/pgf/utilities\pgfkeys
.code.tex
\pgfkeys@pathtoks=\toks31
\pgfkeys@temptoks=\toks32

(C:\Users\menen\AppData\Local\Programs\MiKTeX\tex/generic/pgf/utilities\pgfkeys
libraryfiltered.code.tex
\pgfkeys@tmptoks=\toks33
))
\pgf@x=\dimen188
\pgf@y=\dimen189
\pgf@xa=\dimen190
\pgf@ya=\dimen191
\pgf@xb=\dimen192
\pgf@yb=\dimen193
\pgf@xc=\dimen194
\pgf@yc=\dimen195
\pgf@xd=\dimen196
\pgf@yd=\dimen197
\w@pgf@writea=\write5
\r@pgf@reada=\read5
\c@pgf@counta=\count355
\c@pgf@countb=\count356
\c@pgf@countc=\count357
\c@pgf@countd=\count358
\t@pgf@toka=\toks34
\t@pgf@tokb=\toks35
\t@pgf@tokc=\toks36
\pgf@sys@id@count=\count359

(C:\Users\menen\AppData\Local\Programs\MiKTeX\tex/generic/pgf/systemlayer\pgf.c
fg
File: pgf.cfg 2023-01-15 v3.1.10 (3.1.10)
)
Driver file for pgf: pgfsys-pdftex.def

(C:\Users\menen\AppData\Local\Programs\MiKTeX\tex/generic/pgf/systemlayer\pgfsy
s-pdftex.def
File: pgfsys-pdftex.def 2023-01-15 v3.1.10 (3.1.10)

(C:\Users\menen\AppData\Local\Programs\MiKTeX\tex/generic/pgf/systemlayer\pgfsy
s-common-pdf.def
File: pgfsys-common-pdf.def 2023-01-15 v3.1.10 (3.1.10)
)))
(C:\Users\menen\AppData\Local\Programs\MiKTeX\tex/generic/pgf/systemlayer\pgfsy
ssoftpath.code.tex
File: pgfsyssoftpath.code.tex 2023-01-15 v3.1.10 (3.1.10)
\pgfsyssoftpath@smallbuffer@items=\count360
\pgfsyssoftpath@bigbuffer@items=\count361
)
(C:\Users\menen\AppData\Local\Programs\MiKTeX\tex/generic/pgf/systemlayer\pgfsy
sprotocol.code.tex
File: pgfsysprotocol.code.tex 2023-01-15 v3.1.10 (3.1.10)
))
(C:\Users\menen\AppData\Local\Programs\MiKTeX\tex/latex/xcolor\xcolor.sty
Package: xcolor 2023/11/15 v3.01 LaTeX color extensions (UK)

(C:\Users\menen\AppData\Local\Programs\MiKTeX\tex/latex/graphics-cfg\color.cfg
File: color.cfg 2016/01/02 v1.6 sample color configuration
)
Package xcolor Info: Driver file: pdftex.def on input line 274.
(C:\Users\menen\AppData\Local\Programs\MiKTeX\tex/latex/graphics\mathcolor.ltx)
Package xcolor Info: Model `cmy' substituted by `cmy0' on input line 1350.
Package xcolor Info: Model `hsb' substituted by `rgb' on input line 1354.
Package xcolor Info: Model `RGB' extended on input line 1366.
Package xcolor Info: Model `HTML' substituted by `rgb' on input line 1368.
Package xcolor Info: Model `Hsb' substituted by `hsb' on input line 1369.
Package xcolor Info: Model `tHsb' substituted by `hsb' on input line 1370.
Package xcolor Info: Model `HSB' substituted by `hsb' on input line 1371.
Package xcolor Info: Model `Gray' substituted by `gray' on input line 1372.
Package xcolor Info: Model `wave' substituted by `hsb' on input line 1373.
)
(C:\Users\menen\AppData\Local\Programs\MiKTeX\tex/generic/pgf/basiclayer\pgfcor
e.code.tex
Package: pgfcore 2023-01-15 v3.1.10 (3.1.10)

(C:\Users\menen\AppData\Local\Programs\MiKTeX\tex/generic/pgf/math\pgfmath.code
.tex
(C:\Users\menen\AppData\Local\Programs\MiKTeX\tex/generic/pgf/math\pgfmathutil.
code.tex)
(C:\Users\menen\AppData\Local\Programs\MiKTeX\tex/generic/pgf/math\pgfmathparse
r.code.tex
\pgfmath@dimen=\dimen198
\pgfmath@count=\count362
\pgfmath@box=\box74
\pgfmath@toks=\toks37
\pgfmath@stack@operand=\toks38
\pgfmath@stack@operation=\toks39
)
(C:\Users\menen\AppData\Local\Programs\MiKTeX\tex/generic/pgf/math\pgfmathfunct
ions.code.tex)
(C:\Users\menen\AppData\Local\Programs\MiKTeX\tex/generic/pgf/math\pgfmathfunct
ions.basic.code.tex)
(C:\Users\menen\AppData\Local\Programs\MiKTeX\tex/generic/pgf/math\pgfmathfunct
ions.trigonometric.code.tex)
(C:\Users\menen\AppData\Local\Programs\MiKTeX\tex/generic/pgf/math\pgfmathfunct
ions.random.code.tex)
(C:\Users\menen\AppData\Local\Programs\MiKTeX\tex/generic/pgf/math\pgfmathfunct
ions.comparison.code.tex)
(C:\Users\menen\AppData\Local\Programs\MiKTeX\tex/generic/pgf/math\pgfmathfunct
ions.base.code.tex)
(C:\Users\menen\AppData\Local\Programs\MiKTeX\tex/generic/pgf/math\pgfmathfunct
ions.round.code.tex)
(C:\Users\menen\AppData\Local\Programs\MiKTeX\tex/generic/pgf/math\pgfmathfunct
ions.misc.code.tex)
(C:\Users\menen\AppData\Local\Programs\MiKTeX\tex/generic/pgf/math\pgfmathfunct
ions.integerarithmetics.code.tex)
(C:\Users\menen\AppData\Local\Programs\MiKTeX\tex/generic/pgf/math\pgfmathcalc.
code.tex)
(C:\Users\menen\AppData\Local\Programs\MiKTeX\tex/generic/pgf/math\pgfmathfloat
.code.tex
\c@pgfmathroundto@lastzeros=\count363
))
(C:\Users\menen\AppData\Local\Programs\MiKTeX\tex/generic/pgf/math\pgfint.code.
tex)
(C:\Users\menen\AppData\Local\Programs\MiKTeX\tex/generic/pgf/basiclayer\pgfcor
epoints.code.tex
File: pgfcorepoints.code.tex 2023-01-15 v3.1.10 (3.1.10)
\pgf@picminx=\dimen199
\pgf@picmaxx=\dimen256
\pgf@picminy=\dimen257
\pgf@picmaxy=\dimen258
\pgf@pathminx=\dimen259
\pgf@pathmaxx=\dimen260
\pgf@pathminy=\dimen261
\pgf@pathmaxy=\dimen262
\pgf@xx=\dimen263
\pgf@xy=\dimen264
\pgf@yx=\dimen265
\pgf@yy=\dimen266
\pgf@zx=\dimen267
\pgf@zy=\dimen268
)
(C:\Users\menen\AppData\Local\Programs\MiKTeX\tex/generic/pgf/basiclayer\pgfcor
epathconstruct.code.tex
File: pgfcorepathconstruct.code.tex 2023-01-15 v3.1.10 (3.1.10)
\pgf@path@lastx=\dimen269
\pgf@path@lasty=\dimen270
)
(C:\Users\menen\AppData\Local\Programs\MiKTeX\tex/generic/pgf/basiclayer\pgfcor
epathusage.code.tex
File: pgfcorepathusage.code.tex 2023-01-15 v3.1.10 (3.1.10)
\pgf@shorten@end@additional=\dimen271
\pgf@shorten@start@additional=\dimen272
)
(C:\Users\menen\AppData\Local\Programs\MiKTeX\tex/generic/pgf/basiclayer\pgfcor
escopes.code.tex
File: pgfcorescopes.code.tex 2023-01-15 v3.1.10 (3.1.10)
\pgfpic=\box75
\pgf@hbox=\box76
\pgf@layerbox@main=\box77
\pgf@picture@serial@count=\count364
)
(C:\Users\menen\AppData\Local\Programs\MiKTeX\tex/generic/pgf/basiclayer\pgfcor
egraphicstate.code.tex
File: pgfcoregraphicstate.code.tex 2023-01-15 v3.1.10 (3.1.10)
\pgflinewidth=\dimen273
)
(C:\Users\menen\AppData\Local\Programs\MiKTeX\tex/generic/pgf/basiclayer\pgfcor
etransformations.code.tex
File: pgfcoretransformations.code.tex 2023-01-15 v3.1.10 (3.1.10)
\pgf@pt@x=\dimen274
\pgf@pt@y=\dimen275
\pgf@pt@temp=\dimen276
)
(C:\Users\menen\AppData\Local\Programs\MiKTeX\tex/generic/pgf/basiclayer\pgfcor
equick.code.tex
File: pgfcorequick.code.tex 2023-01-15 v3.1.10 (3.1.10)
)
(C:\Users\menen\AppData\Local\Programs\MiKTeX\tex/generic/pgf/basiclayer\pgfcor
eobjects.code.tex
File: pgfcoreobjects.code.tex 2023-01-15 v3.1.10 (3.1.10)
)
(C:\Users\menen\AppData\Local\Programs\MiKTeX\tex/generic/pgf/basiclayer\pgfcor
epathprocessing.code.tex
File: pgfcorepathprocessing.code.tex 2023-01-15 v3.1.10 (3.1.10)
)
(C:\Users\menen\AppData\Local\Programs\MiKTeX\tex/generic/pgf/basiclayer\pgfcor
earrows.code.tex
File: pgfcorearrows.code.tex 2023-01-15 v3.1.10 (3.1.10)
\pgfarrowsep=\dimen277
)
(C:\Users\menen\AppData\Local\Programs\MiKTeX\tex/generic/pgf/basiclayer\pgfcor
eshade.code.tex
File: pgfcoreshade.code.tex 2023-01-15 v3.1.10 (3.1.10)
\pgf@max=\dimen278
\pgf@sys@shading@range@num=\count365
\pgf@shadingcount=\count366
)
(C:\Users\menen\AppData\Local\Programs\MiKTeX\tex/generic/pgf/basiclayer\pgfcor
eimage.code.tex
File: pgfcoreimage.code.tex 2023-01-15 v3.1.10 (3.1.10)
)
(C:\Users\menen\AppData\Local\Programs\MiKTeX\tex/generic/pgf/basiclayer\pgfcor
eexternal.code.tex
File: pgfcoreexternal.code.tex 2023-01-15 v3.1.10 (3.1.10)
\pgfexternal@startupbox=\box78
)
(C:\Users\menen\AppData\Local\Programs\MiKTeX\tex/generic/pgf/basiclayer\pgfcor
elayers.code.tex
File: pgfcorelayers.code.tex 2023-01-15 v3.1.10 (3.1.10)
)
(C:\Users\menen\AppData\Local\Programs\MiKTeX\tex/generic/pgf/basiclayer\pgfcor
etransparency.code.tex
File: pgfcoretransparency.code.tex 2023-01-15 v3.1.10 (3.1.10)
)
(C:\Users\menen\AppData\Local\Programs\MiKTeX\tex/generic/pgf/basiclayer\pgfcor
epatterns.code.tex
File: pgfcorepatterns.code.tex 2023-01-15 v3.1.10 (3.1.10)
)
(C:\Users\menen\AppData\Local\Programs\MiKTeX\tex/generic/pgf/basiclayer\pgfcor
erdf.code.tex
File: pgfcorerdf.code.tex 2023-01-15 v3.1.10 (3.1.10)
)))
(C:\Users\menen\AppData\Local\Programs\MiKTeX\tex/generic/pgf/modules\pgfmodule
shapes.code.tex
File: pgfmoduleshapes.code.tex 2023-01-15 v3.1.10 (3.1.10)
\pgfnodeparttextbox=\box79
)
(C:\Users\menen\AppData\Local\Programs\MiKTeX\tex/generic/pgf/modules\pgfmodule
plot.code.tex
File: pgfmoduleplot.code.tex 2023-01-15 v3.1.10 (3.1.10)
)
(C:\Users\menen\AppData\Local\Programs\MiKTeX\tex/latex/pgf/compatibility\pgfco
mp-version-0-65.sty
Package: pgfcomp-version-0-65 2023-01-15 v3.1.10 (3.1.10)
\pgf@nodesepstart=\dimen279
\pgf@nodesepend=\dimen280
)
(C:\Users\menen\AppData\Local\Programs\MiKTeX\tex/latex/pgf/compatibility\pgfco
mp-version-1-18.sty
Package: pgfcomp-version-1-18 2023-01-15 v3.1.10 (3.1.10)
))
(C:\Users\menen\AppData\Local\Programs\MiKTeX\tex/latex/pgf/utilities\pgffor.st
y
(C:\Users\menen\AppData\Local\Programs\MiKTeX\tex/latex/pgf/utilities\pgfkeys.s
ty
(C:\Users\menen\AppData\Local\Programs\MiKTeX\tex/generic/pgf/utilities\pgfkeys
.code.tex))
(C:\Users\menen\AppData\Local\Programs\MiKTeX\tex/latex/pgf/math\pgfmath.sty
(C:\Users\menen\AppData\Local\Programs\MiKTeX\tex/generic/pgf/math\pgfmath.code
.tex))
(C:\Users\menen\AppData\Local\Programs\MiKTeX\tex/generic/pgf/utilities\pgffor.
code.tex
Package: pgffor 2023-01-15 v3.1.10 (3.1.10)
\pgffor@iter=\dimen281
\pgffor@skip=\dimen282
\pgffor@stack=\toks40
\pgffor@toks=\toks41
))
(C:\Users\menen\AppData\Local\Programs\MiKTeX\tex/generic/pgf/frontendlayer/tik
z\tikz.code.tex
Package: tikz 2023-01-15 v3.1.10 (3.1.10)

(C:\Users\menen\AppData\Local\Programs\MiKTeX\tex/generic/pgf/libraries\pgflibr
aryplothandlers.code.tex
File: pgflibraryplothandlers.code.tex 2023-01-15 v3.1.10 (3.1.10)
\pgf@plot@mark@count=\count367
\pgfplotmarksize=\dimen283
)
\tikz@lastx=\dimen284
\tikz@lasty=\dimen285
\tikz@lastxsaved=\dimen286
\tikz@lastysaved=\dimen287
\tikz@lastmovetox=\dimen288
\tikz@lastmovetoy=\dimen289
\tikzleveldistance=\dimen290
\tikzsiblingdistance=\dimen291
\tikz@figbox=\box80
\tikz@figbox@bg=\box81
\tikz@tempbox=\box82
\tikz@tempbox@bg=\box83
\tikztreelevel=\count368
\tikznumberofchildren=\count369
\tikznumberofcurrentchild=\count370
\tikz@fig@count=\count371

(C:\Users\menen\AppData\Local\Programs\MiKTeX\tex/generic/pgf/modules\pgfmodule
matrix.code.tex
File: pgfmodulematrix.code.tex 2023-01-15 v3.1.10 (3.1.10)
\pgfmatrixcurrentrow=\count372
\pgfmatrixcurrentcolumn=\count373
\pgf@matrix@numberofcolumns=\count374
)
\tikz@expandcount=\count375

(C:\Users\menen\AppData\Local\Programs\MiKTeX\tex/generic/pgf/frontendlayer/tik
z/libraries\tikzlibrarytopaths.code.tex
File: tikzlibrarytopaths.code.tex 2023-01-15 v3.1.10 (3.1.10)
)))
(C:\Users\menen\AppData\Local\Programs\MiKTeX\tex/latex/multirow\multirow.sty
Package: multirow 2021/03/15 v2.8 Span multiple rows of a table
\multirow@colwidth=\skip76
\multirow@cntb=\count376
\multirow@dima=\skip77
\bigstrutjot=\dimen292
)
(C:\Users\menen\AppData\Local\Programs\MiKTeX\tex/latex/caption\subcaption.sty
Package: subcaption 2023/07/28 v1.6b Sub-captions (AR)

(C:\Users\menen\AppData\Local\Programs\MiKTeX\tex/latex/caption\caption.sty
Package: caption 2023/08/05 v3.6o Customizing captions (AR)

(C:\Users\menen\AppData\Local\Programs\MiKTeX\tex/latex/caption\caption3.sty
Package: caption3 2023/07/31 v2.4d caption3 kernel (AR)
\caption@tempdima=\dimen293
\captionmargin=\dimen294
\caption@leftmargin=\dimen295
\caption@rightmargin=\dimen296
\caption@width=\dimen297
\caption@indent=\dimen298
\caption@parindent=\dimen299
\caption@hangindent=\dimen300
Package caption Info: Standard document class detected.
)
\c@caption@flags=\count377
\c@continuedfloat=\count378
Package caption Info: float package is loaded.
Package caption Info: listings package is loaded.
)
Package caption Info: New subtype `subfigure' on input line 238.
\c@subfigure=\count379
Package caption Info: New subtype `subtable' on input line 238.
\c@subtable=\count380
) (C:\Users\menen\AppData\Local\Programs\MiKTeX\tex/latex/fancyhdr\fancyhdr.sty
Package: fancyhdr 2022/11/09 v4.1 Extensive control of page headers and footers

\f@nch@headwidth=\skip78
\f@nch@O@elh=\skip79
\f@nch@O@erh=\skip80
\f@nch@O@olh=\skip81
\f@nch@O@orh=\skip82
\f@nch@O@elf=\skip83
\f@nch@O@erf=\skip84
\f@nch@O@olf=\skip85
\f@nch@O@orf=\skip86
) (C:\Users\menen\AppData\Local\Programs\MiKTeX\tex/latex/lastpage\lastpage.sty
Package: lastpage 2023/10/14 v2.0e lastpage: 2.09 or 2e? (HMM)

(C:\Users\menen\AppData\Local\Programs\MiKTeX\tex/latex/lastpage\lastpage2e.sty
Package: lastpage2e 2023/10/14 v2.0e Decide which 2e lastpage version to use (H
MM)

(C:\Users\menen\AppData\Local\Programs\MiKTeX\tex/latex/lastpage\lastpagemodern
.sty
Package: lastpagemodern 2023-10-14 v2.0e Refers to last page's name (HMM; JPG)
\c@lastpagecount=\count381
) 
))
(C:\Users\menen\AppData\Local\Programs\MiKTeX\tex/latex/biblatex\biblatex.sty
Package: biblatex 2024/03/21 v3.20 programmable bibliographies (PK/MW)

(C:\Users\menen\AppData\Local\Programs\MiKTeX\tex/latex/logreq\logreq.sty
Package: logreq 2010/08/04 v1.0 xml request logger
\lrq@indent=\count382

(C:\Users\menen\AppData\Local\Programs\MiKTeX\tex/latex/logreq\logreq.def
File: logreq.def 2010/08/04 v1.0 logreq spec v1.0
))
(C:\Users\menen\AppData\Local\Programs\MiKTeX\tex/latex/url\url.sty
\Urlmuskip=\muskip17
Package: url 2013/09/16  ver 3.4  Verb mode for urls, etc.
)
\c@tabx@nest=\count383
\c@listtotal=\count384
\c@listcount=\count385
\c@liststart=\count386
\c@liststop=\count387
\c@citecount=\count388
\c@citetotal=\count389
\c@multicitecount=\count390
\c@multicitetotal=\count391
\c@instcount=\count392
\c@maxnames=\count393
\c@minnames=\count394
\c@maxitems=\count395
\c@minitems=\count396
\c@citecounter=\count397
\c@maxcitecounter=\count398
\c@savedcitecounter=\count399
\c@uniquelist=\count400
\c@uniquename=\count401
\c@refsection=\count402
\c@refsegment=\count403
\c@maxextratitle=\count404
\c@maxextratitleyear=\count405
\c@maxextraname=\count406
\c@maxextradate=\count407
\c@maxextraalpha=\count408
\c@abbrvpenalty=\count409
\c@highnamepenalty=\count410
\c@lownamepenalty=\count411
\c@maxparens=\count412
\c@parenlevel=\count413
\blx@tempcnta=\count414
\blx@tempcntb=\count415
\blx@tempcntc=\count416
\c@blx@maxsection=\count417
\blx@maxsegment@0=\count418
\blx@notetype=\count419
\blx@parenlevel@text=\count420
\blx@parenlevel@foot=\count421
\blx@sectionciteorder@0=\count422
\blx@sectionciteorderinternal@0=\count423
\blx@entrysetcounter=\count424
\blx@biblioinstance=\count425
\labelnumberwidth=\skip87
\labelalphawidth=\skip88
\biblabelsep=\skip89
\bibitemsep=\skip90
\bibnamesep=\skip91
\bibinitsep=\skip92
\bibparsep=\skip93
\bibhang=\skip94
\blx@bcfin=\read6
\blx@bcfout=\write6
\blx@langwohyphens=\language80
\c@mincomprange=\count426
\c@maxcomprange=\count427
\c@mincompwidth=\count428
Package biblatex Info: Trying to load biblatex default data model...
Package biblatex Info: ... file 'blx-dm.def' found.

(C:\Users\menen\AppData\Local\Programs\MiKTeX\tex/latex/biblatex\blx-dm.def
File: blx-dm.def 2024/03/21 v3.20 biblatex datamodel (PK/MW)
)
Package biblatex Info: Trying to load biblatex citestyle data model...
Package biblatex Info: ... file 'numeric-comp.dbx' not found.
Package biblatex Info: Trying to load biblatex bibstyle data model...
Package biblatex Info: ... file 'ieee.dbx' not found.
Package biblatex Info: Trying to load biblatex custom data model...
Package biblatex Info: ... file 'biblatex-dm.cfg' not found.
\c@afterword=\count429
\c@savedafterword=\count430
\c@annotator=\count431
\c@savedannotator=\count432
\c@author=\count433
\c@savedauthor=\count434
\c@bookauthor=\count435
\c@savedbookauthor=\count436
\c@commentator=\count437
\c@savedcommentator=\count438
\c@editor=\count439
\c@savededitor=\count440
\c@editora=\count441
\c@savededitora=\count442
\c@editorb=\count443
\c@savededitorb=\count444
\c@editorc=\count445
\c@savededitorc=\count446
\c@foreword=\count447
\c@savedforeword=\count448
\c@holder=\count449
\c@savedholder=\count450
\c@introduction=\count451
\c@savedintroduction=\count452
\c@namea=\count453
\c@savednamea=\count454
\c@nameb=\count455
\c@savednameb=\count456
\c@namec=\count457
\c@savednamec=\count458
\c@translator=\count459
\c@savedtranslator=\count460
\c@shortauthor=\count461
\c@savedshortauthor=\count462
\c@shorteditor=\count463
\c@savedshorteditor=\count464
\c@labelname=\count465
\c@savedlabelname=\count466
\c@institution=\count467
\c@savedinstitution=\count468
\c@lista=\count469
\c@savedlista=\count470
\c@listb=\count471
\c@savedlistb=\count472
\c@listc=\count473
\c@savedlistc=\count474
\c@listd=\count475
\c@savedlistd=\count476
\c@liste=\count477
\c@savedliste=\count478
\c@listf=\count479
\c@savedlistf=\count480
\c@location=\count481
\c@savedlocation=\count482
\c@organization=\count483
\c@savedorganization=\count484
\c@origlocation=\count485
\c@savedoriglocation=\count486
\c@origpublisher=\count487
\c@savedorigpublisher=\count488
\c@publisher=\count489
\c@savedpublisher=\count490
\c@language=\count491
\c@savedlanguage=\count492
\c@origlanguage=\count493
\c@savedoriglanguage=\count494
\c@pageref=\count495
\c@savedpageref=\count496
\shorthandwidth=\skip95
\shortjournalwidth=\skip96
\shortserieswidth=\skip97
\shorttitlewidth=\skip98
\shortauthorwidth=\skip99
\shorteditorwidth=\skip100
\locallabelnumberwidth=\skip101
\locallabelalphawidth=\skip102
\localshorthandwidth=\skip103
\localshortjournalwidth=\skip104
\localshortserieswidth=\skip105
\localshorttitlewidth=\skip106
\localshortauthorwidth=\skip107
\localshorteditorwidth=\skip108
Package biblatex Info: Trying to load compatibility code...
Package biblatex Info: ... file 'blx-compat.def' found.

(C:\Users\menen\AppData\Local\Programs\MiKTeX\tex/latex/biblatex\blx-compat.def
File: blx-compat.def 2024/03/21 v3.20 biblatex compatibility (PK/MW)
)
Package biblatex Info: Trying to load generic definitions...
Package biblatex Info: ... file 'biblatex.def' found.
 (C:\Users\menen\AppData\Local\Programs\MiKTeX\tex/latex/biblatex\biblatex.def
File: biblatex.def 2024/03/21 v3.20 biblatex compatibility (PK/MW)
\c@textcitecount=\count497
\c@textcitetotal=\count498
\c@textcitemaxnames=\count499
\c@biburlbigbreakpenalty=\count500
\c@biburlbreakpenalty=\count501
\c@biburlnumpenalty=\count502
\c@biburlucpenalty=\count503
\c@biburllcpenalty=\count504
\biburlbigskip=\muskip18
\biburlnumskip=\muskip19
\biburlucskip=\muskip20
\biburllcskip=\muskip21
\c@smartand=\count505
)
Package biblatex Info: Trying to load bibliography style 'ieee'...
Package biblatex Info: ... file 'ieee.bbx' found.

(C:\Users\menen\AppData\Local\Programs\MiKTeX\tex/latex/biblatex-ieee\ieee.bbx
File: ieee.bbx 2021/12/06 v1.3f biblatex bibliography style
Package biblatex Info: Trying to load bibliography style 'numeric-comp'...
Package biblatex Info: ... file 'numeric-comp.bbx' found.

(C:\Users\menen\AppData\Local\Programs\MiKTeX\tex/latex/biblatex/bbx\numeric-co
mp.bbx
File: numeric-comp.bbx 2024/03/21 v3.20 biblatex bibliography style (PK/MW)
Package biblatex Info: Trying to load bibliography style 'numeric'...
Package biblatex Info: ... file 'numeric.bbx' found.

(C:\Users\menen\AppData\Local\Programs\MiKTeX\tex/latex/biblatex/bbx\numeric.bb
x
File: numeric.bbx 2024/03/21 v3.20 biblatex bibliography style (PK/MW)
Package biblatex Info: Trying to load bibliography style 'standard'...
Package biblatex Info: ... file 'standard.bbx' found.

(C:\Users\menen\AppData\Local\Programs\MiKTeX\tex/latex/biblatex/bbx\standard.b
bx
File: standard.bbx 2024/03/21 v3.20 biblatex bibliography style (PK/MW)
\c@bbx:relatedcount=\count506
\c@bbx:relatedtotal=\count507
))))
Package biblatex Info: Trying to load citation style 'numeric-comp'...
Package biblatex Info: ... file 'numeric-comp.cbx' found.

(C:\Users\menen\AppData\Local\Programs\MiKTeX\tex/latex/biblatex/cbx\numeric-co
mp.cbx
File: numeric-comp.cbx 2024/03/21 v3.20 biblatex citation style (PK/MW)
\c@cbx@tempcnta=\count508
\c@cbx@tempcntb=\count509
\c@cbx@tempcntc=\count510
\c@cbx@tempcntd=\count511
Package biblatex Info: Redefining '\cite'.
Package biblatex Info: Redefining '\parencite'.
Package biblatex Info: Redefining '\footcite'.
Package biblatex Info: Redefining '\footcitetext'.
Package biblatex Info: Redefining '\smartcite'.
Package biblatex Info: Redefining '\supercite'.
Package biblatex Info: Redefining '\textcite'.
Package biblatex Info: Redefining '\textcites'.
Package biblatex Info: Redefining '\cites'.
Package biblatex Info: Redefining '\parencites'.
Package biblatex Info: Redefining '\smartcites'.
)
Package biblatex Info: Trying to load configuration file...
Package biblatex Info: ... file 'biblatex.cfg' found.

(C:\Users\menen\AppData\Local\Programs\MiKTeX\tex/latex/biblatex\biblatex.cfg
File: biblatex.cfg 
)
Package biblatex Info: Input encoding 'utf8' detected.
Package biblatex Info: Document encoding is UTF8 ....
Package biblatex Info: ... and expl3
(biblatex)             2024-03-14 L3 programming layer (loader) 
(biblatex)             is new enough (at least 2020/04/06),
(biblatex)             setting 'casechanger=expl3'.

(C:\Users\menen\AppData\Local\Programs\MiKTeX\tex/latex/biblatex\blx-case-expl3
.sty
(C:\Users\menen\AppData\Local\Programs\MiKTeX\tex/latex/l3packages/xparse\xpars
e.sty
Package: xparse 2024-03-14 L3 Experimental document command parser
)
Package: blx-case-expl3 2024/03/21 v3.20 expl3 case changing code for biblatex
))
runsystem(for ^%i in (pygmentize.exe pygmentize.bat pygmentize.cmd) do set > ma
in.aex <nul: /p x=^%~$PATH:i>> main.aex)...executed.

runsystem(del main.aex)...executed.



Package biblatex Warning: 'babel/polyglossia' detected but 'csquotes' missing.
(biblatex)                Loading 'csquotes' recommended.

\@quotelevel=\count512
\@quotereset=\count513
(main.aux
LaTeX Info: Redefining \. on input line 10.
LaTeX Info: Redefining \% on input line 10.


LaTeX Warning: Label `fig:deteccion_2' multiply defined.


LaTeX Warning: Label `alg:horizontal' multiply defined.


LaTeX Warning: Label `alg:vertical' multiply defined.


LaTeX Warning: Label `fig:bypass_1' multiply defined.


LaTeX Warning: Label `fig:bypass_3' multiply defined.


LaTeX Warning: Label `sec:simplificacion' multiply defined.


LaTeX Warning: Label `sec:signal_switches' multiply defined.


LaTeX Warning: Label `sec:validar_principios' multiply defined.


LaTeX Warning: Label `sec:simplificacion' multiply defined.


LaTeX Warning: Label `sec:signal_switches' multiply defined.


LaTeX Warning: Label `sec:validar_principios' multiply defined.


LaTeX Warning: Label `sec:simplificacion' multiply defined.


LaTeX Warning: Label `sec:signal_switches' multiply defined.


LaTeX Warning: Label `sec:validar_principios' multiply defined.


LaTeX Warning: Label `sec:simplificacion' multiply defined.


LaTeX Warning: Label `sec:signal_switches' multiply defined.


LaTeX Warning: Label `sec:validar_principios' multiply defined.


LaTeX Warning: Label `sec:simplificacion' multiply defined.


LaTeX Warning: Label `sec:signal_switches' multiply defined.


LaTeX Warning: Label `sec:validar_principios' multiply defined.


LaTeX Warning: Label `sec:simplificacion' multiply defined.


LaTeX Warning: Label `sec:signal_switches' multiply defined.


LaTeX Warning: Label `sec:validar_principios' multiply defined.


LaTeX Warning: Label `lst:EJ1_4' multiply defined.


LaTeX Warning: Label `sec:simplificacion' multiply defined.


LaTeX Warning: Label `sec:signal_switches' multiply defined.


LaTeX Warning: Label `sec:validar_principios' multiply defined.


LaTeX Warning: Label `sec:simplificacion' multiply defined.


LaTeX Warning: Label `sec:signal_switches' multiply defined.


LaTeX Warning: Label `sec:validar_principios' multiply defined.


LaTeX Warning: Label `sec:simplificacion' multiply defined.


LaTeX Warning: Label `sec:signal_switches' multiply defined.


LaTeX Warning: Label `sec:validar_principios' multiply defined.

)
\openout1 = `main.aux'.

LaTeX Font Info:    Checking defaults for OML/cmm/m/it on input line 84.
LaTeX Font Info:    ... okay on input line 84.
LaTeX Font Info:    Checking defaults for OMS/cmsy/m/n on input line 84.
LaTeX Font Info:    ... okay on input line 84.
LaTeX Font Info:    Checking defaults for OT1/cmr/m/n on input line 84.
LaTeX Font Info:    ... okay on input line 84.
LaTeX Font Info:    Checking defaults for T1/cmr/m/n on input line 84.
LaTeX Font Info:    ... okay on input line 84.
LaTeX Font Info:    Checking defaults for TS1/cmr/m/n on input line 84.
LaTeX Font Info:    ... okay on input line 84.
LaTeX Font Info:    Checking defaults for OMX/cmex/m/n on input line 84.
LaTeX Font Info:    ... okay on input line 84.
LaTeX Font Info:    Checking defaults for U/cmr/m/n on input line 84.
LaTeX Font Info:    ... okay on input line 84.

*geometry* driver: auto-detecting
*geometry* detected driver: pdftex
*geometry* verbose mode - [ preamble ] result:
* driver: pdftex
* paper: custom
* layout: <same size as paper>
* layoutoffset:(h,v)=(0.0pt,0.0pt)
* modes: 
* h-part:(L,W,R)=(93.75183pt, 426.79134pt, 93.75183pt)
* v-part:(T,H,B)=(85.35826pt, 610.02708pt, 99.58464pt)
* \paperwidth=614.295pt
* \paperheight=794.96999pt
* \textwidth=426.79134pt
* \textheight=610.02708pt
* \oddsidemargin=21.48184pt
* \evensidemargin=21.48184pt
* \topmargin=-23.91173pt
* \headheight=12.0pt
* \headsep=25.0pt
* \topskip=10.0pt
* \footskip=30.0pt
* \marginparwidth=65.0pt
* \marginparsep=11.0pt
* \columnsep=10.0pt
* \skip\footins=9.0pt plus 4.0pt minus 2.0pt
* \hoffset=0.0pt
* \voffset=0.0pt
* \mag=1000
* \@twocolumnfalse
* \@twosidefalse
* \@mparswitchfalse
* \@reversemarginfalse
* (1in=72.27pt=25.4mm, 1cm=28.453pt)

LaTeX Info: Redefining \. on input line 84.
LaTeX Info: Redefining \% on input line 84.

(C:\Users\menen\AppData\Local\Programs\MiKTeX\tex/context/base/mkii\supp-pdf.mk
ii
[Loading MPS to PDF converter (version 2006.09.02).]
\scratchcounter=\count514
\scratchdimen=\dimen301
\scratchbox=\box84
\nofMPsegments=\count515
\nofMParguments=\count516
\everyMPshowfont=\toks42
\MPscratchCnt=\count517
\MPscratchDim=\dimen302
\MPnumerator=\count518
\makeMPintoPDFobject=\count519
\everyMPtoPDFconversion=\toks43
)
(C:\Users\menen\AppData\Local\Programs\MiKTeX\tex/latex/epstopdf-pkg\epstopdf-b
ase.sty
Package: epstopdf-base 2020-01-24 v2.11 Base part for package epstopdf
Package epstopdf-base Info: Redefining graphics rule for `.eps' on input line 4
85.

(C:\Users\menen\AppData\Local\Programs\MiKTeX\tex/latex/00miktex\epstopdf-sys.c
fg
File: epstopdf-sys.cfg 2021/03/18 v2.0 Configuration of epstopdf for MiKTeX
)) (C:\Users\menen\AppData\Local\Programs\MiKTeX\tex/latex/base\textcomp.sty
Package: textcomp 2020/02/02 v2.0n Standard LaTeX package
)
\c@lstlisting=\count520
Package caption Info: Begin \AtBeginDocument code.
Package caption Info: End \AtBeginDocument code.
Package biblatex Info: Trying to load language 'spanish'...
Package biblatex Info: ... file 'spanish.lbx' found.

(C:\Users\menen\AppData\Local\Programs\MiKTeX\tex/latex/biblatex/lbx\spanish.lb
x
File: spanish.lbx 2024/03/21 v3.20 biblatex localization (PK/MW)
)
Package biblatex Info: Input encoding 'utf8' detected.
Package biblatex Info: Automatic encoding selection.
(biblatex)             Assuming data encoding 'utf8'.
\openout6 = `main.bcf'.

Package biblatex Info: Trying to load bibliographic data...
Package biblatex Info: ... file 'main.bbl' found.
 (main.bbl)
Package biblatex Info: Reference section=0 on input line 84.
Package biblatex Info: Reference segment=0 on input line 84.
 (caratula/main.tex
<caratula/FIUBA.png, id=4, 598.3956pt x 845.559pt>
File: caratula/FIUBA.png Graphic file (type png)
<use caratula/FIUBA.png>
Package pdftex.def Info: caratula/FIUBA.png  used on input line 10.
(pdftex.def)             Requested size: 614.30905pt x 795.01912pt.


LaTeX Font Warning: Font shape `OT1/cmr/b/n' in size <30> not available
(Font)              size <24.88> substituted on input line 12.


Underfull \hbox (badness 10000) in paragraph at lines 12--12
 [][]\OT1/cmr/b/n/24.88 Modelado e im-ple-men-ta-ci^^Son
 []


Underfull \hbox (badness 10000) in paragraph at lines 13--13
 [][]\OT1/cmr/b/n/24.88 de sis-te-mas cr^^S^^Pti-cos de
 []


Underfull \hbox (badness 10000) in paragraph at lines 14--14
 [][]\OT1/cmr/b/n/24.88 enclavamiento fe-rro-via-rio
 []


Underfull \hbox (badness 10000) in paragraph at lines 15--15
 [][]\OT1/cmr/b/n/24.88 basados en arre-glos de FP-GAs
 []


LaTeX Font Warning: Font shape `OT1/cmr/m/n' in size <20> not available
(Font)              size <20.74> substituted on input line 16.


Underfull \hbox (badness 10000) in paragraph at lines 16--16
 [][]\OT1/cmr/m/n/20.74 Mg. Ing. Mart^^S^^Pn Ni-col^^Sas Men^^Sendez
 []


LaTeX Font Warning: Font shape `OT1/cmr/m/n' in size <15> not available
(Font)              size <14.4> substituted on input line 17.


Underfull \hbox (badness 10000) in paragraph at lines 17--17
 [][]\OT1/cmr/m/n/14.4 Tesis doc-to-ral
 []


Underfull \hbox (badness 10000) in paragraph at lines 18--18
 [][]\OT1/cmr/m/n/10.95 Director:
 []


Underfull \hbox (badness 10000) in paragraph at lines 19--19
 [][]\OT1/cmr/m/n/10.95 Dr. Ing. Ariel Lu-ten-berg (FIUBA-CONICET)
 []


Underfull \hbox (badness 10000) in paragraph at lines 20--20
 [][]\OT1/cmr/m/n/10.95 Jurados:
 []


Underfull \hbox (badness 10000) in paragraph at lines 21--21
 [][]\OT1/cmr/m/n/10.95 JURADO NU-ME-RO1 (FI-LIA-CION)
 []


Underfull \hbox (badness 10000) in paragraph at lines 22--22
 [][]\OT1/cmr/m/n/10.95 JURADO NU-ME-RO2 (FI-LIA-CION)
 []


Underfull \hbox (badness 10000) in paragraph at lines 23--23
 [][]\OT1/cmr/m/n/10.95 JURADO NU-ME-RO3 (FI-LIA-CION)
 []


Underfull \hbox (badness 10000) in paragraph at lines 24--24
 [][]\OT1/cmr/m/it/10 Este tra-ba-jo fue rea-li-za-do en la Ciu-dad Aut^^Sono-m
a de Bue-nos Ai-res, en-tre Ju-lio de 2024 y Mar-zo de 2024
 []

[1

{C:/Users/menen/AppData/Local/MiKTeX/fonts/map/pdftex/pdftex.map} <./caratula/F
IUBA.png>]) [1] (resumen.tex
LaTeX Font Info:    Trying to load font information for U+msa on input line 22.


(C:\Users\menen\AppData\Local\Programs\MiKTeX\tex/latex/amsfonts\umsa.fd
File: umsa.fd 2013/01/14 v3.01 AMS symbols A
)
LaTeX Font Info:    Trying to load font information for U+msb on input line 22.


(C:\Users\menen\AppData\Local\Programs\MiKTeX\tex/latex/amsfonts\umsb.fd
File: umsb.fd 2013/01/14 v3.01 AMS symbols B
))
[1] (abstract.tex) [2] [3] (agradecimientos.tex) [4] (frase.tex) [5]
(indice.tex (main.toc
LaTeX Info: Redefining \sptext on input line 1.
LaTeX Info: Redefining \. on input line 1.
LaTeX Info: Redefining \% on input line 1.
 [6

] [7] [8])
\tf@toc=\write7
\openout7 = `main.toc'.

 [9] (main.lof
LaTeX Info: Redefining \sptext on input line 1.
LaTeX Info: Redefining \. on input line 1.
LaTeX Info: Redefining \% on input line 1.
 [10

] [11] [12])
\tf@lof=\write8
\openout8 = `main.lof'.

 [13] (main.lot
LaTeX Info: Redefining \sptext on input line 1.
LaTeX Info: Redefining \. on input line 1.
LaTeX Info: Redefining \% on input line 1.
[14

])
\tf@lot=\write9
\openout9 = `main.lot'.

) [15]

Package fancyhdr Warning: \fancyhead's `E' option without twoside option is use
less.
(fancyhdr)                Please consider using the `twoside' option on input l
ine 119.

(introduccion/main.tex
Cap\'{\i }tulo 1.
(introduccion/topologias/main.tex [1

] (introduccion/topologias/bypass.tex
<Figuras/bypass.png, id=73, 686.565pt x 127.1952pt>
File: Figuras/bypass.png Graphic file (type png)
<use Figuras/bypass.png>
Package pdftex.def Info: Figuras/bypass.png  used on input line 9.
(pdftex.def)             Requested size: 426.79134pt x 79.06787pt.
)
(introduccion/topologias/simple.tex
<Figuras/bajaDensidad.png, id=74, 758.835pt x 265.2309pt>
File: Figuras/bajaDensidad.png Graphic file (type png)
<use Figuras/bajaDensidad.png>
Package pdftex.def Info: Figuras/bajaDensidad.png  used on input line 9.
(pdftex.def)             Requested size: 426.79134pt x 149.17581pt.
LaTeX Info: Redefining \. on input line 13.
LaTeX Info: Redefining \% on input line 13.
LaTeX Info: Redefining \. on input line 13.
LaTeX Info: Redefining \% on input line 13.
 [2 <./Figuras/bypass.png>])
(introduccion/topologias/hub.tex
<Figuras/altaDensidad.png, id=80, 833.9958pt x 384.4764pt>
File: Figuras/altaDensidad.png Graphic file (type png)
<use Figuras/altaDensidad.png>
Package pdftex.def Info: Figuras/altaDensidad.png  used on input line 7.
(pdftex.def)             Requested size: 426.79134pt x 196.75502pt.
LaTeX Info: Redefining \. on input line 11.
LaTeX Info: Redefining \% on input line 11.
LaTeX Info: Redefining \. on input line 11.
LaTeX Info: Redefining \% on input line 11.
 [3 <./Figuras/bajaDensidad.png>])
(introduccion/topologias/terminal.tex
<Figuras/terminal.png, id=85, 834.7185pt x 359.1819pt>
File: Figuras/terminal.png Graphic file (type png)
<use Figuras/terminal.png>
Package pdftex.def Info: Figuras/terminal.png  used on input line 7.
(pdftex.def)             Requested size: 426.79134pt x 183.65167pt.
LaTeX Info: Redefining \. on input line 11.
LaTeX Info: Redefining \% on input line 11.
LaTeX Info: Redefining \. on input line 11.
LaTeX Info: Redefining \% on input line 11.
 [4 <./Figuras/altaDensidad.png>]))
(introduccion/principios.tex
LaTeX Info: Redefining \. on input line 12.
LaTeX Info: Redefining \% on input line 12.
LaTeX Info: Redefining \. on input line 12.
LaTeX Info: Redefining \% on input line 12.
 [5 <./Figuras/terminal.png>])
(introduccion/enclavamientos/main.tex (introduccion/enclavamientos/historia.tex
<Figuras/palancas.jpg, id=96, 1284.8pt x 722.7pt>
File: Figuras/palancas.jpg Graphic file (type jpg)
<use Figuras/palancas.jpg>
Package pdftex.def Info: Figuras/palancas.jpg  used on input line 8.
(pdftex.def)             Requested size: 426.79134pt x 240.06866pt.
LaTeX Info: Redefining \. on input line 12.
LaTeX Info: Redefining \% on input line 12.
LaTeX Info: Redefining \. on input line 12.
LaTeX Info: Redefining \% on input line 12.
[6]
<Figuras/relees.jpg, id=100, 1284.8pt x 624.3325pt>
File: Figuras/relees.jpg Graphic file (type jpg)
<use Figuras/relees.jpg>
Package pdftex.def Info: Figuras/relees.jpg  used on input line 19.
(pdftex.def)             Requested size: 426.79134pt x 207.39265pt.
LaTeX Info: Redefining \. on input line 23.
LaTeX Info: Redefining \% on input line 23.
LaTeX Info: Redefining \. on input line 23.
LaTeX Info: Redefining \% on input line 23.
 [7 <./Figuras/palancas.jpg>]
<Figuras/llavallol.jpg, id=104, 733.99219pt x 447.92343pt>
File: Figuras/llavallol.jpg Graphic file (type jpg)
<use Figuras/llavallol.jpg>
Package pdftex.def Info: Figuras/llavallol.jpg  used on input line 28.
(pdftex.def)             Requested size: 426.79134pt x 260.45874pt.
LaTeX Info: Redefining \. on input line 32.
LaTeX Info: Redefining \% on input line 32.
LaTeX Info: Redefining \. on input line 32.
LaTeX Info: Redefining \% on input line 32.
 [8 <./Figuras/relees.jpg>])
(introduccion/enclavamientos/tablas.tex
<Figuras/rutas.PNG, id=109, 612.8496pt x 278.9622pt>
File: Figuras/rutas.PNG Graphic file (type png)
<use Figuras/rutas.PNG>
Package pdftex.def Info: Figuras/rutas.PNG  used on input line 9.
(pdftex.def)             Requested size: 426.79134pt x 194.2719pt.
LaTeX Info: Redefining \. on input line 13.
LaTeX Info: Redefining \% on input line 13.
LaTeX Info: Redefining \. on input line 13.
LaTeX Info: Redefining \% on input line 13.
 [9 <./Figuras/llavallol.jpg>]
LaTeX Info: Redefining \. on input line 63.
LaTeX Info: Redefining \% on input line 63.
LaTeX Info: Redefining \. on input line 63.
LaTeX Info: Redefining \% on input line 63.
 [10 <./Figuras/rutas.PNG>]) (introduccion/enclavamientos/funcional.tex)
(introduccion/enclavamientos/geografico.tex
LaTeX Info: Redefining \. on input line 4.
LaTeX Info: Redefining \% on input line 4.
LaTeX Info: Redefining \. on input line 4.
LaTeX Info: Redefining \% on input line 4.
 [11]))
(introduccion/estandares/main.tex (introduccion/estandares/estandares.tex
<Figuras/IEC61508.png, id=120, 484.209pt x 351.9549pt>
File: Figuras/IEC61508.png Graphic file (type png)
<use Figuras/IEC61508.png>
Package pdftex.def Info: Figuras/IEC61508.png  used on input line 8.
(pdftex.def)             Requested size: 426.79134pt x 310.23146pt.
LaTeX Info: Redefining \. on input line 12.
LaTeX Info: Redefining \% on input line 12.
LaTeX Info: Redefining \. on input line 12.
LaTeX Info: Redefining \% on input line 12.

[12]
LaTeX Info: Redefining \. on input line 40.
LaTeX Info: Redefining \% on input line 40.
LaTeX Info: Redefining \. on input line 40.
LaTeX Info: Redefining \% on input line 40.
 [13 <./Figuras/IEC61508.png>]) (introduccion/estandares/redundancia.tex
<Figuras/redundancia.png, id=128, 535.5207pt x 552.8655pt>
File: Figuras/redundancia.png Graphic file (type png)
<use Figuras/redundancia.png>
Package pdftex.def Info: Figuras/redundancia.png  used on input line 8.
(pdftex.def)             Requested size: 426.79134pt x 440.62265pt.
LaTeX Info: Redefining \. on input line 12.
LaTeX Info: Redefining \% on input line 12.
LaTeX Info: Redefining \. on input line 12.
LaTeX Info: Redefining \% on input line 12.

[14])) (introduccion/railML/main.tex
LaTeX Info: Redefining \. on input line 1.
LaTeX Info: Redefining \% on input line 1.
LaTeX Info: Redefining \. on input line 1.
LaTeX Info: Redefining \% on input line 1.
 [15 <./Figuras/redundancia.png>]
(introduccion/railML/railTopoModel/main.tex
<Figuras/objetos.png, id=138, 406.1574pt x 124.48508pt>
File: Figuras/objetos.png Graphic file (type png)
<use Figuras/objetos.png>
Package pdftex.def Info: Figuras/objetos.png  used on input line 7.
(pdftex.def)             Requested size: 426.79134pt x 130.80815pt.

(introduccion/railML/railTopoModel/base.tex)
(introduccion/railML/railTopoModel/netEntities.tex
LaTeX Info: Redefining \. on input line 5.
LaTeX Info: Redefining \% on input line 5.
LaTeX Info: Redefining \. on input line 5.
LaTeX Info: Redefining \% on input line 5.
 [16 <./Figuras/objetos.png>]
<Figuras/grafos.png, id=143, 484.9317pt x 159.7167pt>
File: Figuras/grafos.png Graphic file (type png)
<use Figuras/grafos.png>
Package pdftex.def Info: Figuras/grafos.png  used on input line 10.
(pdftex.def)             Requested size: 426.79134pt x 140.57306pt.
) (introduccion/railML/railTopoModel/niveles.tex
LaTeX Info: Redefining \. on input line 4.
LaTeX Info: Redefining \% on input line 4.
LaTeX Info: Redefining \. on input line 4.
LaTeX Info: Redefining \% on input line 4.
 [17 <./Figuras/grafos.png>]
<Figuras/capas.png, id=148, 625.8582pt x 220.4235pt>
File: Figuras/capas.png Graphic file (type png)
<use Figuras/capas.png>
Package pdftex.def Info: Figuras/capas.png  used on input line 7.
(pdftex.def)             Requested size: 426.79134pt x 150.31313pt.
<Figuras/railtopomodel.png, id=149, 1482.2577pt x 471.9231pt>
File: Figuras/railtopomodel.png Graphic file (type png)
<use Figuras/railtopomodel.png>
Package pdftex.def Info: Figuras/railtopomodel.png  used on input line 18.
(pdftex.def)             Requested size: 426.79134pt x 135.88205pt.
LaTeX Info: Redefining \. on input line 24.
LaTeX Info: Redefining \% on input line 24.
LaTeX Info: Redefining \. on input line 24.
LaTeX Info: Redefining \% on input line 24.

[18 <./Figuras/capas.png> <./Figuras/railtopomodel.png>])
(introduccion/railML/railTopoModel/positioning.tex))
Overfull \hbox (4.10272pt too wide) in paragraph at lines 3--5
[]\OT1/cmr/m/n/10 RailTopoModel uti-li-za di-fe-ren-tes sis-te-mas de po-si-cio
-na-mien-to: intr^^S^^Pnse-co, geogr^^Safi-co y es-quem^^Sati-
 []

(introduccion/railML/railML3.tex
LaTeX Info: Redefining \. on input line 12.
LaTeX Info: Redefining \% on input line 12.
LaTeX Info: Redefining \. on input line 12.
LaTeX Info: Redefining \% on input line 12.
 [19]) (introduccion/railML/Industria.tex))
(introduccion/estado-del-arte/main.tex
(introduccion/estado-del-arte/empresas.tex
LaTeX Info: Redefining \. on input line 15.
LaTeX Info: Redefining \% on input line 15.
LaTeX Info: Redefining \. on input line 15.
LaTeX Info: Redefining \% on input line 15.
 [20])
(introduccion/estado-del-arte/estudios.tex)
(introduccion/estado-del-arte/contexto.tex
<Figuras/hojaDeRuta.png, id=162, 1411.4331pt x 467.5869pt>
File: Figuras/hojaDeRuta.png Graphic file (type png)
<use Figuras/hojaDeRuta.png>
Package pdftex.def Info: Figuras/hojaDeRuta.png  used on input line 7.
(pdftex.def)             Requested size: 426.79134pt x 141.39017pt.
LaTeX Info: Redefining \. on input line 11.
LaTeX Info: Redefining \% on input line 11.
LaTeX Info: Redefining \. on input line 11.
LaTeX Info: Redefining \% on input line 11.
 [21])) (introduccion/propuesta.tex
LaTeX Info: Redefining \. on input line 4.
LaTeX Info: Redefining \% on input line 4.
LaTeX Info: Redefining \. on input line 4.
LaTeX Info: Redefining \% on input line 4.

[22 <./Figuras/hojaDeRuta.png>]
<Figuras/workflow.png, id=170, 1096.095pt x 522.95375pt>
File: Figuras/workflow.png Graphic file (type png)
<use Figuras/workflow.png>
Package pdftex.def Info: Figuras/workflow.png  used on input line 7.
(pdftex.def)             Requested size: 426.79134pt x 203.62398pt.
 (introduccion/enfoque.tex
LaTeX Info: Redefining \. on input line 4.
LaTeX Info: Redefining \% on input line 4.
LaTeX Info: Redefining \. on input line 4.
LaTeX Info: Redefining \% on input line 4.
 [23 <./Figuras/workflow.png>]) (introduccion/arquitectura.tex
<Figuras/Architecture.png, id=175, 615.0177pt x 333.1647pt>
File: Figuras/Architecture.png Graphic file (type png)
<use Figuras/Architecture.png>
Package pdftex.def Info: Figuras/Architecture.png  used on input line 7.
(pdftex.def)             Requested size: 426.79134pt x 231.20056pt.
) (introduccion/validacion.tex
LaTeX Info: Redefining \. on input line 1.
LaTeX Info: Redefining \% on input line 1.
LaTeX Info: Redefining \. on input line 1.
LaTeX Info: Redefining \% on input line 1.
 [24 <./Figuras/Architecture.png>]
LaTeX Info: Redefining \. on input line 13.
LaTeX Info: Redefining \% on input line 13.
LaTeX Info: Redefining \. on input line 13.
LaTeX Info: Redefining \% on input line 13.
 [25])))
LaTeX Info: Redefining \. on input line 129.
LaTeX Info: Redefining \% on input line 129.
LaTeX Info: Redefining \. on input line 129.
LaTeX Info: Redefining \% on input line 129.
 [26] (RNA/main.tex
Cap\'{\i }tulo 2.
(RNA/biblioteca/main.tex [27

] (RNA/biblioteca/metadata.tex
LaTeX Info: Redefining \. on input line 14.
LaTeX Info: Redefining \% on input line 14.
LaTeX Info: Redefining \. on input line 14.
LaTeX Info: Redefining \% on input line 14.
 [28])
(RNA/biblioteca/common.tex)
LaTeX Info: Redefining \. on input line 23.
LaTeX Info: Redefining \% on input line 23.
LaTeX Info: Redefining \. on input line 23.
LaTeX Info: Redefining \% on input line 23.
 [29] (RNA/biblioteca/grafos.tex
LaTeX Info: Redefining \. on input line 35.
LaTeX Info: Redefining \% on input line 35.
LaTeX Info: Redefining \. on input line 35.
LaTeX Info: Redefining \% on input line 35.
 [30]
LaTeX Font Info:    Trying to load font information for OMS+cmr on input line 6
4.

(C:\Users\menen\AppData\Local\Programs\MiKTeX\tex/latex/base\omscmr.fd
File: omscmr.fd 2023/04/13 v2.5m Standard LaTeX font definitions
)
LaTeX Font Info:    Font shape `OMS/cmr/m/n' in size <10> not available
(Font)              Font shape `OMS/cmsy/m/n' tried instead on input line 64.

Overfull \hbox (15.0pt too wide) detected at line 72
[][] 
 []

LaTeX Info: Redefining \. on input line 75.
LaTeX Info: Redefining \% on input line 75.
LaTeX Info: Redefining \. on input line 75.
LaTeX Info: Redefining \% on input line 75.
[31]
<Figuras/conexo.PNG, id=205, 1069.596pt x 669.2202pt>
File: Figuras/conexo.PNG Graphic file (type png)
<use Figuras/conexo.PNG>
Package pdftex.def Info: Figuras/conexo.PNG  used on input line 82.
(pdftex.def)             Requested size: 426.79134pt x 267.04001pt.

Overfull \hbox (15.0pt too wide) detected at line 108
[][] 
 []

LaTeX Info: Redefining \. on input line 110.
LaTeX Info: Redefining \% on input line 110.
LaTeX Info: Redefining \. on input line 110.
LaTeX Info: Redefining \% on input line 110.
[32 <./Figuras/conexo.PNG>]) (RNA/biblioteca/vias.tex
<Figuras/trocha.png, id=211, 411.2163pt x 231.264pt>
File: Figuras/trocha.png Graphic file (type png)
<use Figuras/trocha.png>
Package pdftex.def Info: Figuras/trocha.png  used on input line 10.
(pdftex.def)             Requested size: 426.79134pt x 240.03601pt.
LaTeX Info: Redefining \. on input line 14.
LaTeX Info: Redefining \% on input line 14.
LaTeX Info: Redefining \. on input line 14.
LaTeX Info: Redefining \% on input line 14.
 [33]
<Figuras/ascDesc.png, id=215, 1097.60063pt x 609.59744pt>
File: Figuras/ascDesc.png Graphic file (type png)
<use Figuras/ascDesc.png>
Package pdftex.def Info: Figuras/ascDesc.png  used on input line 21.
(pdftex.def)             Requested size: 426.79134pt x 237.03511pt.
LaTeX Info: Redefining \. on input line 25.
LaTeX Info: Redefining \% on input line 25.
LaTeX Info: Redefining \. on input line 25.
LaTeX Info: Redefining \% on input line 25.
 [34 <./Figuras/trocha.png>]) (RNA/biblioteca/border.tex
LaTeX Info: Redefining \. on input line 1.
LaTeX Info: Redefining \% on input line 1.
LaTeX Info: Redefining \. on input line 1.
LaTeX Info: Redefining \% on input line 1.
 [35 <./Figuras/ascDesc.png>]
<Figuras/border.png, id=226, 539.1342pt x 202.356pt>
File: Figuras/border.png Graphic file (type png)
<use Figuras/border.png>
Package pdftex.def Info: Figuras/border.png  used on input line 8.
(pdftex.def)             Requested size: 426.79134pt x 160.18987pt.
LaTeX Info: Redefining \. on input line 25.
LaTeX Info: Redefining \% on input line 25.
LaTeX Info: Redefining \. on input line 25.
LaTeX Info: Redefining \% on input line 25.
 [36 <./Figuras/border.png>]) (RNA/biblioteca/detection.tex
<Figuras/detector.png, id=231, 911.3247pt x 169.1118pt>
File: Figuras/detector.png Graphic file (type png)
<use Figuras/detector.png>
Package pdftex.def Info: Figuras/detector.png  used on input line 8.
(pdftex.def)             Requested size: 426.79134pt x 79.1987pt.
<Figuras/circuitoVia.png, id=232, 2701.84406pt x 698.61pt>
File: Figuras/circuitoVia.png Graphic file (type png)
<use Figuras/circuitoVia.png>
Package pdftex.def Info: Figuras/circuitoVia.png  used on input line 17.
(pdftex.def)             Requested size: 426.79134pt x 110.35146pt.
LaTeX Info: Redefining \. on input line 21.
LaTeX Info: Redefining \% on input line 21.
LaTeX Info: Redefining \. on input line 21.
LaTeX Info: Redefining \% on input line 21.
 [37 <./Figuras/detector.png>]
<Figuras/contador.png, id=237, 359.1819pt x 117.8001pt>
File: Figuras/contador.png Graphic file (type png)
<use Figuras/contador.png>
Package pdftex.def Info: Figuras/contador.png  used on input line 40.
(pdftex.def)             Requested size: 426.79134pt x 139.98251pt.
LaTeX Info: Redefining \. on input line 44.
LaTeX Info: Redefining \% on input line 44.
LaTeX Info: Redefining \. on input line 44.
LaTeX Info: Redefining \% on input line 44.

[38 <./Figuras/circuitoVia.png>]) (RNA/biblioteca/platform.tex
<Figuras/Platform.png, id=243, 803.25093pt x 250.68657pt>
File: Figuras/Platform.png Graphic file (type png)
<use Figuras/Platform.png>
Package pdftex.def Info: Figuras/Platform.png  used on input line 10.
(pdftex.def)             Requested size: 426.79134pt x 133.19984pt.
LaTeX Info: Redefining \. on input line 14.
LaTeX Info: Redefining \% on input line 14.
LaTeX Info: Redefining \. on input line 14.
LaTeX Info: Redefining \% on input line 14.
 [39 <./Figuras/contador.png>]
LaTeX Info: Redefining \. on input line 47.
LaTeX Info: Redefining \% on input line 47.
LaTeX Info: Redefining \. on input line 47.
LaTeX Info: Redefining \% on input line 47.
 [40 <./Figuras/Platform.png>]) (RNA/biblioteca/crossing.tex
<Figuras/cruce.png, id=252, 911.3247pt x 312.9291pt>
File: Figuras/cruce.png Graphic file (type png)
<use Figuras/cruce.png>
Package pdftex.def Info: Figuras/cruce.png  used on input line 8.
(pdftex.def)             Requested size: 426.79134pt x 146.55144pt.
LaTeX Info: Redefining \. on input line 20.
LaTeX Info: Redefining \% on input line 20.
LaTeX Info: Redefining \. on input line 20.
LaTeX Info: Redefining \% on input line 20.

[41 <./Figuras/cruce.png>]) (RNA/biblioteca/switch.tex
LaTeX Info: Redefining \. on input line 6.
LaTeX Info: Redefining \% on input line 6.
LaTeX Info: Redefining \. on input line 6.
LaTeX Info: Redefining \% on input line 6.
 [42]
<Figuras/circulacion.png, id=260, 2565.585pt x 1093.08376pt>
File: Figuras/circulacion.png Graphic file (type png)
<use Figuras/circulacion.png>
Package pdftex.def Info: Figuras/circulacion.png  used on input line 9.
(pdftex.def)             Requested size: 426.79134pt x 181.83546pt.
<Figuras/Cambios.jpg, id=261, 4047.12pt x 3035.34pt>
File: Figuras/Cambios.jpg Graphic file (type jpg)
<use Figuras/Cambios.jpg>
Package pdftex.def Info: Figuras/Cambios.jpg  used on input line 18.
(pdftex.def)             Requested size: 341.43436pt x 256.03207pt.
LaTeX Info: Redefining \. on input line 24.
LaTeX Info: Redefining \% on input line 24.
LaTeX Info: Redefining \. on input line 24.
LaTeX Info: Redefining \% on input line 24.
 [43 <./Figuras/circulacion.png> <./Figuras/Cambios.jpg>]
<Figuras/Cambios_2.jpg, id=266, 3034.33624pt x 2543.5025pt>
File: Figuras/Cambios_2.jpg Graphic file (type jpg)
<use Figuras/Cambios_2.jpg>
Package pdftex.def Info: Figuras/Cambios_2.jpg  used on input line 27.
(pdftex.def)             Requested size: 341.43436pt x 286.1899pt.
<Figuras/cambios.png, id=267, 852.18375pt x 285.31593pt>
File: Figuras/cambios.png Graphic file (type png)
<use Figuras/cambios.png>
Package pdftex.def Info: Figuras/cambios.png  used on input line 45.
(pdftex.def)             Requested size: 426.79134pt x 142.8927pt.
LaTeX Info: Redefining \. on input line 51.
LaTeX Info: Redefining \% on input line 51.
LaTeX Info: Redefining \. on input line 51.
LaTeX Info: Redefining \% on input line 51.
 [44 <./Figuras/Cambios_2.jpg> <./Figuras/cambios.png>]
LaTeX Info: Redefining \. on input line 78.
LaTeX Info: Redefining \% on input line 78.
LaTeX Info: Redefining \. on input line 78.
LaTeX Info: Redefining \% on input line 78.
 [45]
LaTeX Info: Redefining \. on input line 114.
LaTeX Info: Redefining \% on input line 114.
LaTeX Info: Redefining \. on input line 114.
LaTeX Info: Redefining \% on input line 114.
 [46]
LaTeX Info: Redefining \. on input line 147.
LaTeX Info: Redefining \% on input line 147.
LaTeX Info: Redefining \. on input line 147.
LaTeX Info: Redefining \% on input line 147.
 [47]
Overfull \hbox (15.0pt too wide) detected at line 186
[][] 
 []


Overfull \hbox (15.0pt too wide) detected at line 233
[][] 
 []

LaTeX Info: Redefining \. on input line 235.
LaTeX Info: Redefining \% on input line 235.
LaTeX Info: Redefining \. on input line 235.
LaTeX Info: Redefining \% on input line 235.
[48]
Overfull \hbox (15.0pt too wide) detected at line 280
[][] 
 []

) (RNA/biblioteca/signal.tex
LaTeX Info: Redefining \. on input line 1.
LaTeX Info: Redefining \% on input line 1.
LaTeX Info: Redefining \. on input line 1.
LaTeX Info: Redefining \% on input line 1.
 [49]
<Figuras/semaforo3.png, id=288, 222.5916pt x 177.0615pt>
File: Figuras/semaforo3.png Graphic file (type png)
<use Figuras/semaforo3.png>
Package pdftex.def Info: Figuras/semaforo3.png  used on input line 8.
(pdftex.def)             Requested size: 426.79134pt x 339.53539pt.
LaTeX Info: Redefining \. on input line 12.
LaTeX Info: Redefining \% on input line 12.
LaTeX Info: Redefining \. on input line 12.
LaTeX Info: Redefining \% on input line 12.
 [50]
LaTeX Info: Redefining \. on input line 20.
LaTeX Info: Redefining \% on input line 20.
LaTeX Info: Redefining \. on input line 20.
LaTeX Info: Redefining \% on input line 20.
 [51 <./Figuras/semaforo3.png>]
<Figuras/semaforos.PNG, id=297, 625.49686pt x 295.22295pt>
File: Figuras/semaforos.PNG Graphic file (type png)
<use Figuras/semaforos.PNG>
Package pdftex.def Info: Figuras/semaforos.PNG  used on input line 23.
(pdftex.def)             Requested size: 426.79134pt x 201.44266pt.
))
(RNA/generacion/main.tex
LaTeX Info: Redefining \. on input line 16.
LaTeX Info: Redefining \% on input line 16.
LaTeX Info: Redefining \. on input line 16.
LaTeX Info: Redefining \% on input line 16.
 [52 <./Figuras/semaforos.PNG>]
(RNA/generacion/border.tex
LaTeX Info: Redefining \. on input line 66.
LaTeX Info: Redefining \% on input line 66.
LaTeX Info: Redefining \. on input line 66.
LaTeX Info: Redefining \% on input line 66.
 [53]
<Figuras/limites.PNG, id=308, 989.94844pt x 397.485pt>
File: Figuras/limites.PNG Graphic file (type png)
<use Figuras/limites.PNG>
Package pdftex.def Info: Figuras/limites.PNG  used on input line 70.
(pdftex.def)             Requested size: 426.79134pt x 171.36403pt.
) (RNA/generacion/detector.tex
LaTeX Info: Redefining \. on input line 15.
LaTeX Info: Redefining \% on input line 15.
LaTeX Info: Redefining \. on input line 15.
LaTeX Info: Redefining \% on input line 15.
 [54 <./Figuras/limites.PNG>]
<Figuras/detectores.PNG, id=313, 1190.19656pt x 595.47469pt>
File: Figuras/detectores.PNG Graphic file (type png)
<use Figuras/detectores.PNG>
Package pdftex.def Info: Figuras/detectores.PNG  used on input line 45.
(pdftex.def)             Requested size: 426.79134pt x 213.5257pt.
LaTeX Info: Redefining \. on input line 49.
LaTeX Info: Redefining \% on input line 49.
LaTeX Info: Redefining \. on input line 49.
LaTeX Info: Redefining \% on input line 49.
 [55]) (RNA/generacion/platform.tex
LaTeX Info: Redefining \. on input line 19.
LaTeX Info: Redefining \% on input line 19.
LaTeX Info: Redefining \. on input line 19.
LaTeX Info: Redefining \% on input line 19.
 [56 <./Figuras/detectores.PNG>]
<Figuras/platforms.PNG, id=322, 770.88pt x 217.5628pt>
File: Figuras/platforms.PNG Graphic file (type png)
<use Figuras/platforms.PNG>
Package pdftex.def Info: Figuras/platforms.PNG  used on input line 39.
(pdftex.def)             Requested size: 426.79134pt x 120.45pt.
) (RNA/generacion/crossing.tex
LaTeX Info: Redefining \. on input line 18.
LaTeX Info: Redefining \% on input line 18.
LaTeX Info: Redefining \. on input line 18.
LaTeX Info: Redefining \% on input line 18.
 [57 <./Figuras/platforms.PNG>]
<Figuras/crossings.PNG, id=328, 767.11594pt x 217.5628pt>
File: Figuras/crossings.PNG Graphic file (type png)
<use Figuras/crossings.PNG>
Package pdftex.def Info: Figuras/crossings.PNG  used on input line 39.
(pdftex.def)             Requested size: 426.79134pt x 121.04424pt.
)
(RNA/generacion/switch.tex
LaTeX Info: Redefining \. on input line 15.
LaTeX Info: Redefining \% on input line 15.
LaTeX Info: Redefining \. on input line 15.
LaTeX Info: Redefining \% on input line 15.
 [58 <./Figuras/crossings.PNG>]
<Figuras/switches.PNG, id=333, 897.3525pt x 343.2825pt>
File: Figuras/switches.PNG Graphic file (type png)
<use Figuras/switches.PNG>
Package pdftex.def Info: Figuras/switches.PNG  used on input line 49.
(pdftex.def)             Requested size: 426.79134pt x 163.26515pt.
)
LaTeX Info: Redefining \. on input line 25.
LaTeX Info: Redefining \% on input line 25.
LaTeX Info: Redefining \. on input line 25.
LaTeX Info: Redefining \% on input line 25.
 [59 <./Figuras/switches.PNG>]) (RNA/simplificacion/main.tex
(RNA/simplificacion/herencia-vertical.tex
<Figuras/Figure8_Crop.pdf, id=338, 380.63907pt x 179.48155pt>
File: Figuras/Figure8_Crop.pdf Graphic file (type pdf)
<use Figuras/Figure8_Crop.pdf>
Package pdftex.def Info: Figuras/Figure8_Crop.pdf  used on input line 17.
(pdftex.def)             Requested size: 426.79134pt x 201.248pt.
LaTeX Info: Redefining \. on input line 21.
LaTeX Info: Redefining \% on input line 21.
LaTeX Info: Redefining \. on input line 21.
LaTeX Info: Redefining \% on input line 21.
 [60]
LaTeX Info: Redefining \. on input line 77.
LaTeX Info: Redefining \% on input line 77.
LaTeX Info: Redefining \. on input line 77.
LaTeX Info: Redefining \% on input line 77.
 [61 <./Figuras/Figure8_Crop.pdf>]
LaTeX Info: Redefining \. on input line 86.
LaTeX Info: Redefining \% on input line 86.
LaTeX Info: Redefining \. on input line 86.
LaTeX Info: Redefining \% on input line 86.
 [62]
<Figuras/Figure9_Crop.pdf, id=416, 379.77182pt x 177.74706pt>
File: Figuras/Figure9_Crop.pdf Graphic file (type pdf)
<use Figuras/Figure9_Crop.pdf>
Package pdftex.def Info: Figuras/Figure9_Crop.pdf  used on input line 89.
(pdftex.def)             Requested size: 426.79134pt x 199.7642pt.
) (RNA/simplificacion/herencia-horizontal.tex
LaTeX Info: Redefining \. on input line 1.
LaTeX Info: Redefining \% on input line 1.
LaTeX Info: Redefining \. on input line 1.
LaTeX Info: Redefining \% on input line 1.
 [63 <./Figuras/Figure9_Crop.pdf>]
<Figuras/proximity.PNG, id=490, 377.2494pt x 218.2554pt>
File: Figuras/proximity.PNG Graphic file (type png)
<use Figuras/proximity.PNG>
Package pdftex.def Info: Figuras/proximity.PNG  used on input line 47.
(pdftex.def)             Requested size: 426.79134pt x 246.93542pt.
LaTeX Info: Redefining \. on input line 51.
LaTeX Info: Redefining \% on input line 51.
LaTeX Info: Redefining \. on input line 51.
LaTeX Info: Redefining \% on input line 51.
 [64]) (RNA/simplificacion/limpieza.tex
LaTeX Info: Redefining \. on input line 1.
LaTeX Info: Redefining \% on input line 1.
LaTeX Info: Redefining \. on input line 1.
LaTeX Info: Redefining \% on input line 1.
 [65 <./Figuras/proximity.PNG>]
LaTeX Info: Redefining \. on input line 62.
LaTeX Info: Redefining \% on input line 62.
LaTeX Info: Redefining \. on input line 62.
LaTeX Info: Redefining \% on input line 62.

[66])) (RNA/generacion-tablas/main.tex
LaTeX Info: Redefining \. on input line 52.
LaTeX Info: Redefining \% on input line 52.
LaTeX Info: Redefining \. on input line 52.
LaTeX Info: Redefining \% on input line 52.
 [67]
<Figuras/Figure11.pdf, id=504, 684.63776pt x 289.08pt>
File: Figuras/Figure11.pdf Graphic file (type pdf)
<use Figuras/Figure11.pdf>
Package pdftex.def Info: Figuras/Figure11.pdf  used on input line 58.
(pdftex.def)             Requested size: 426.79134pt x 180.20699pt.
LaTeX Info: Redefining \. on input line 64.
LaTeX Info: Redefining \% on input line 64.
LaTeX Info: Redefining \. on input line 64.
LaTeX Info: Redefining \% on input line 64.
 [68 <./Figuras/Figure11.pdf>])
(RNA/validacion-tablas/main.tex
LaTeX Info: Redefining \. on input line 8.
LaTeX Info: Redefining \% on input line 8.
LaTeX Info: Redefining \. on input line 8.
LaTeX Info: Redefining \% on input line 8.


Package fancyhdr Warning: \headheight is too small (12.0pt): 
(fancyhdr)                Make it at least 23.10004pt, for example:
(fancyhdr)                \setlength{\headheight}{23.10004pt}.
(fancyhdr)                You might also make \topmargin smaller to compensate:

(fancyhdr)                \addtolength{\topmargin}{-11.10004pt}.

[69]
LaTeX Info: Redefining \. on input line 67.
LaTeX Info: Redefining \% on input line 67.
LaTeX Info: Redefining \. on input line 67.
LaTeX Info: Redefining \% on input line 67.


Package fancyhdr Warning: \headheight is too small (12.0pt): 
(fancyhdr)                Make it at least 23.10004pt, for example:
(fancyhdr)                \setlength{\headheight}{23.10004pt}.
(fancyhdr)                You might also make \topmargin smaller to compensate:

(fancyhdr)                \addtolength{\topmargin}{-11.10004pt}.

[70]) (RNA/validacion-principios/main.tex
LaTeX Info: Redefining \. on input line 61.
LaTeX Info: Redefining \% on input line 61.
LaTeX Info: Redefining \. on input line 61.
LaTeX Info: Redefining \% on input line 61.


Package fancyhdr Warning: \headheight is too small (12.0pt): 
(fancyhdr)                Make it at least 23.10004pt, for example:
(fancyhdr)                \setlength{\headheight}{23.10004pt}.
(fancyhdr)                You might also make \topmargin smaller to compensate:

(fancyhdr)                \addtolength{\topmargin}{-11.10004pt}.

[71]
LaTeX Info: Redefining \. on input line 138.
LaTeX Info: Redefining \% on input line 138.
LaTeX Info: Redefining \. on input line 138.
LaTeX Info: Redefining \% on input line 138.


Package fancyhdr Warning: \headheight is too small (12.0pt): 
(fancyhdr)                Make it at least 23.10004pt, for example:
(fancyhdr)                \setlength{\headheight}{23.10004pt}.
(fancyhdr)                You might also make \topmargin smaller to compensate:

(fancyhdr)                \addtolength{\topmargin}{-11.10004pt}.

[72]
LaTeX Info: Redefining \. on input line 169.
LaTeX Info: Redefining \% on input line 169.
LaTeX Info: Redefining \. on input line 169.
LaTeX Info: Redefining \% on input line 169.


Package fancyhdr Warning: \headheight is too small (12.0pt): 
(fancyhdr)                Make it at least 23.10004pt, for example:
(fancyhdr)                \setlength{\headheight}{23.10004pt}.
(fancyhdr)                You might also make \topmargin smaller to compensate:

(fancyhdr)                \addtolength{\topmargin}{-11.10004pt}.

[73]
LaTeX Info: Redefining \. on input line 215.
LaTeX Info: Redefining \% on input line 215.
LaTeX Info: Redefining \. on input line 215.
LaTeX Info: Redefining \% on input line 215.


Package fancyhdr Warning: \headheight is too small (12.0pt): 
(fancyhdr)                Make it at least 23.10004pt, for example:
(fancyhdr)                \setlength{\headheight}{23.10004pt}.
(fancyhdr)                You might also make \topmargin smaller to compensate:

(fancyhdr)                \addtolength{\topmargin}{-11.10004pt}.

[74]
LaTeX Info: Redefining \. on input line 271.
LaTeX Info: Redefining \% on input line 271.
LaTeX Info: Redefining \. on input line 271.
LaTeX Info: Redefining \% on input line 271.


Package fancyhdr Warning: \headheight is too small (12.0pt): 
(fancyhdr)                Make it at least 23.10004pt, for example:
(fancyhdr)                \setlength{\headheight}{23.10004pt}.
(fancyhdr)                You might also make \topmargin smaller to compensate:

(fancyhdr)                \addtolength{\topmargin}{-11.10004pt}.

[75]))
LaTeX Info: Redefining \. on input line 131.
LaTeX Info: Redefining \% on input line 131.
LaTeX Info: Redefining \. on input line 131.
LaTeX Info: Redefining \% on input line 131.


Package fancyhdr Warning: \headheight is too small (12.0pt): 
(fancyhdr)                Make it at least 23.10004pt, for example:
(fancyhdr)                \setlength{\headheight}{23.10004pt}.
(fancyhdr)                You might also make \topmargin smaller to compensate:

(fancyhdr)                \addtolength{\topmargin}{-11.10004pt}.

[76] (ACG/main.tex
Cap\'{\i }tulo 3.
(ACG/sistemas-enclavamiento/main.tex
(ACG/sistemas-enclavamiento/bloqueo-por-ocupacion.tex
<Figuras/ocupacion.png, id=628, 351.2322pt x 113.4639pt>
File: Figuras/ocupacion.png Graphic file (type png)
<use Figuras/ocupacion.png>
Package pdftex.def Info: Figuras/ocupacion.png  used on input line 9.
(pdftex.def)             Requested size: 426.79134pt x 137.8769pt.
 [77

])
(ACG/sistemas-enclavamiento/bloqueo-rutas.tex
<Figuras/bloqueo_rutas.png, id=632, 351.9549pt x 128.6406pt>
File: Figuras/bloqueo_rutas.png Graphic file (type png)
<use Figuras/bloqueo_rutas.png>
Package pdftex.def Info: Figuras/bloqueo_rutas.png  used on input line 9.
(pdftex.def)             Requested size: 426.79134pt x 155.9991pt.
LaTeX Info: Redefining \. on input line 15.
LaTeX Info: Redefining \% on input line 15.
LaTeX Info: Redefining \. on input line 15.
LaTeX Info: Redefining \% on input line 15.
 [78 <./Figuras/ocupacion.png> <./Figuras/bloqueo_rutas.png>])
(ACG/sistemas-enclavamiento/proteccion-aproximacion.tex
<Figuras/aproximacion_1.png, id=638, 777.6252pt x 141.6492pt>
File: Figuras/aproximacion_1.png Graphic file (type png)
<use Figuras/aproximacion_1.png>
Package pdftex.def Info: Figuras/aproximacion_1.png  used on input line 11.
(pdftex.def)             Requested size: 426.79134pt x 77.74518pt.
<Figuras/aproximacion_2.png, id=639, 777.6252pt x 141.6492pt>
File: Figuras/aproximacion_2.png Graphic file (type png)
<use Figuras/aproximacion_2.png>
Package pdftex.def Info: Figuras/aproximacion_2.png  used on input line 20.
(pdftex.def)             Requested size: 426.79134pt x 77.74518pt.
<Figuras/aproximacion_3.png, id=640, 777.6252pt x 111.2958pt>
File: Figuras/aproximacion_3.png Graphic file (type png)
<use Figuras/aproximacion_3.png>
Package pdftex.def Info: Figuras/aproximacion_3.png  used on input line 29.
(pdftex.def)             Requested size: 426.79134pt x 61.0855pt.
LaTeX Info: Redefining \. on input line 35.
LaTeX Info: Redefining \% on input line 35.
LaTeX Info: Redefining \. on input line 35.
LaTeX Info: Redefining \% on input line 35.
 [79 <./Figuras/aproximacion_1.png> <./Figuras/aproximacion_2.png> <./Figuras/a
proximacion_3.png>]
<Figuras/aproximacion_4.png, id=647, 777.6252pt x 141.6492pt>
File: Figuras/aproximacion_4.png Graphic file (type png)
<use Figuras/aproximacion_4.png>
Package pdftex.def Info: Figuras/aproximacion_4.png  used on input line 38.
(pdftex.def)             Requested size: 426.79134pt x 77.74518pt.
)
(ACG/sistemas-enclavamiento/proteccion-solape.tex
<Figuras/solape.png, id=648, 777.6252pt x 143.0946pt>
File: Figuras/solape.png Graphic file (type png)
<use Figuras/solape.png>
Package pdftex.def Info: Figuras/solape.png  used on input line 9.
(pdftex.def)             Requested size: 426.79134pt x 78.5385pt.
)
(ACG/sistemas-enclavamiento/doble-recubrimiento.tex
<Figuras/recubrimiento.png, id=649, 647.5392pt x 92.5056pt>
File: Figuras/recubrimiento.png Graphic file (type png)
<use Figuras/recubrimiento.png>
Package pdftex.def Info: Figuras/recubrimiento.png  used on input line 9.
(pdftex.def)             Requested size: 426.79134pt x 60.9706pt.


LaTeX Warning: `!h' float specifier changed to `!ht'.

LaTeX Info: Redefining \. on input line 15.
LaTeX Info: Redefining \% on input line 15.
LaTeX Info: Redefining \. on input line 15.
LaTeX Info: Redefining \% on input line 15.
[80 <./Figuras/aproximacion_4.png> <./Figuras/solape.png>])
(ACG/sistemas-enclavamiento/liberacion-secuencial.tex
<Figuras/secuencial_1.png, id=656, 777.6252pt x 141.6492pt>
File: Figuras/secuencial_1.png Graphic file (type png)
<use Figuras/secuencial_1.png>
Package pdftex.def Info: Figuras/secuencial_1.png  used on input line 9.
(pdftex.def)             Requested size: 426.79134pt x 77.74518pt.
<Figuras/secuencial_2.png, id=657, 777.6252pt x 141.6492pt>
File: Figuras/secuencial_2.png Graphic file (type png)
<use Figuras/secuencial_2.png>
Package pdftex.def Info: Figuras/secuencial_2.png  used on input line 18.
(pdftex.def)             Requested size: 426.79134pt x 77.74518pt.


LaTeX Warning: `!h' float specifier changed to `!ht'.

<Figuras/secuencial_3.png, id=658, 777.6252pt x 141.6492pt>
File: Figuras/secuencial_3.png Graphic file (type png)
<use Figuras/secuencial_3.png>
Package pdftex.def Info: Figuras/secuencial_3.png  used on input line 27.
(pdftex.def)             Requested size: 426.79134pt x 77.74518pt.

LaTeX Warning: `!h' float specifier changed to `!ht'.

LaTeX Info: Redefining \. on input line 33.
LaTeX Info: Redefining \% on input line 33.
LaTeX Info: Redefining \. on input line 33.
LaTeX Info: Redefining \% on input line 33.
[81 <./Figuras/recubrimiento.png> <./Figuras/secuencial_1.png>]
<Figuras/secuencial_4.png, id=664, 777.6252pt x 95.3964pt>
File: Figuras/secuencial_4.png Graphic file (type png)
<use Figuras/secuencial_4.png>
Package pdftex.def Info: Figuras/secuencial_4.png  used on input line 36.
(pdftex.def)             Requested size: 426.79134pt x 52.35898pt.
))
(ACG/arquitectura/main.tex
<Figuras/FSMD.png, id=665, 525.4029pt x 344.7279pt>
File: Figuras/FSMD.png Graphic file (type png)
<use Figuras/FSMD.png>
Package pdftex.def Info: Figuras/FSMD.png  used on input line 11.
(pdftex.def)             Requested size: 426.79134pt x 280.03812pt.
LaTeX Info: Redefining \. on input line 15.
LaTeX Info: Redefining \% on input line 15.
LaTeX Info: Redefining \. on input line 15.
LaTeX Info: Redefining \% on input line 15.
 [82 <./Figuras/secuencial_2.png> <./Figuras/secuencial_3.png> <./Figuras/secue
ncial_4.png>]
Overfull \hbox (8.15492pt too wide) in paragraph at lines 30--31
[]\OT1/cmr/m/n/10 Internamente, el sis-te-ma con-tem-plar^^Sa que al-gu-nos ele
-men-tos pue-den ad-mi-tir es-ta-dos de transici^^Son.
 []

LaTeX Info: Redefining \. on input line 31.
LaTeX Info: Redefining \% on input line 31.
LaTeX Info: Redefining \. on input line 31.
LaTeX Info: Redefining \% on input line 31.
[83 <./Figuras/FSMD.png>]
<Figuras/Arq_general.png, id=676, 329.5512pt x 286.1892pt>
File: Figuras/Arq_general.png Graphic file (type png)
<use Figuras/Arq_general.png>
Package pdftex.def Info: Figuras/Arq_general.png  used on input line 36.
(pdftex.def)             Requested size: 426.79134pt x 370.65285pt.
LaTeX Info: Redefining \. on input line 44.
LaTeX Info: Redefining \% on input line 44.
LaTeX Info: Redefining \. on input line 44.
LaTeX Info: Redefining \% on input line 44.
 [84 <./Figuras/Arq_general.png>]
(ACG/arquitectura/UART.tex
File: Figuras/bypass.png Graphic file (type png)
<use Figuras/bypass.png>
Package pdftex.def Info: Figuras/bypass.png  used on input line 7.
(pdftex.def)             Requested size: 426.79134pt x 79.06787pt.
<Figuras/UART_module.png, id=681, 502.2765pt x 171.2799pt>
File: Figuras/UART_module.png Graphic file (type png)
<use Figuras/UART_module.png>
Package pdftex.def Info: Figuras/UART_module.png  used on input line 18.
(pdftex.def)             Requested size: 426.79134pt x 145.54416pt.
LaTeX Info: Redefining \. on input line 24.
LaTeX Info: Redefining \% on input line 24.
LaTeX Info: Redefining \. on input line 24.
LaTeX Info: Redefining \% on input line 24.
 [85 <./Figuras/UART_module.png>]
<Figuras/Tramas.png, id=686, 607.068pt x 130.086pt>
File: Figuras/Tramas.png Graphic file (type png)
<use Figuras/Tramas.png>
Package pdftex.def Info: Figuras/Tramas.png  used on input line 29.
(pdftex.def)             Requested size: 426.79134pt x 91.45456pt.
)
(ACG/arquitectura/detector.tex
<Figuras/Detector_module.png, id=687, 648.9846pt x 483.4863pt>
File: Figuras/Detector_module.png Graphic file (type png)
<use Figuras/Detector_module.png>
Package pdftex.def Info: Figuras/Detector_module.png  used on input line 8.
(pdftex.def)             Requested size: 426.79134pt x 317.95844pt.
LaTeX Info: Redefining \. on input line 12.
LaTeX Info: Redefining \% on input line 12.
LaTeX Info: Redefining \. on input line 12.
LaTeX Info: Redefining \% on input line 12.
 [86 <./Figuras/Tramas.png>]
<Figuras/Detector_FSMD.png, id=693, 263.0628pt x 360.6273pt>
File: Figuras/Detector_FSMD.png Graphic file (type png)
<use Figuras/Detector_FSMD.png>
Package pdftex.def Info: Figuras/Detector_FSMD.png  used on input line 17.
(pdftex.def)             Requested size: 341.43436pt x 468.1166pt.
LaTeX Info: Redefining \. on input line 21.
LaTeX Info: Redefining \% on input line 21.
LaTeX Info: Redefining \. on input line 21.
LaTeX Info: Redefining \% on input line 21.
 [87 <./Figuras/Detector_module.png>]) (ACG/arquitectura/decoder.tex
LaTeX Info: Redefining \. on input line 1.
LaTeX Info: Redefining \% on input line 1.
LaTeX Info: Redefining \. on input line 1.
LaTeX Info: Redefining \% on input line 1.
 [88 <./Figuras/Detector_FSMD.png>]
<Figuras/Decoder_module.png, id=702, 408.3255pt x 416.2752pt>
File: Figuras/Decoder_module.png Graphic file (type png)
<use Figuras/Decoder_module.png>
Package pdftex.def Info: Figuras/Decoder_module.png  used on input line 8.
(pdftex.def)             Requested size: 426.79134pt x 435.10738pt.
LaTeX Info: Redefining \. on input line 12.
LaTeX Info: Redefining \% on input line 12.
LaTeX Info: Redefining \. on input line 12.
LaTeX Info: Redefining \% on input line 12.
 [89]) (ACG/arquitectura/encoder.tex
LaTeX Info: Redefining \. on input line 5.
LaTeX Info: Redefining \% on input line 5.
LaTeX Info: Redefining \. on input line 5.
LaTeX Info: Redefining \% on input line 5.
 [90 <./Figuras/Decoder_module.png>]
<Figuras/Encoder_module.png, id=710, 406.1574pt x 365.6862pt>
File: Figuras/Encoder_module.png Graphic file (type png)
<use Figuras/Encoder_module.png>
Package pdftex.def Info: Figuras/Encoder_module.png  used on input line 8.
(pdftex.def)             Requested size: 426.79134pt x 384.26083pt.
)
(ACG/arquitectura/printer.tex
LaTeX Info: Redefining \. on input line 5.
LaTeX Info: Redefining \% on input line 5.
LaTeX Info: Redefining \. on input line 5.
LaTeX Info: Redefining \% on input line 5.
 [91 <./Figuras/Encoder_module.png>]
<Figuras/Printer_module.png, id=715, 648.9846pt x 483.4863pt>
File: Figuras/Printer_module.png Graphic file (type png)
<use Figuras/Printer_module.png>
Package pdftex.def Info: Figuras/Printer_module.png  used on input line 8.
(pdftex.def)             Requested size: 426.79134pt x 317.95844pt.
<Figuras/Printer_FSMD.png, id=716, 185.0112pt x 296.307pt>
File: Figuras/Printer_FSMD.png Graphic file (type png)
<use Figuras/Printer_FSMD.png>
Package pdftex.def Info: Figuras/Printer_FSMD.png  used on input line 19.
(pdftex.def)             Requested size: 341.43436pt x 546.85724pt.
LaTeX Info: Redefining \. on input line 23.
LaTeX Info: Redefining \% on input line 23.
LaTeX Info: Redefining \. on input line 23.
LaTeX Info: Redefining \% on input line 23.
 [92 <./Figuras/Printer_module.png>]
LaTeX Info: Redefining \. on input line 25.
LaTeX Info: Redefining \% on input line 25.
LaTeX Info: Redefining \. on input line 25.
LaTeX Info: Redefining \% on input line 25.
 [93 <./Figuras/Printer_FSMD.png>])
(ACG/arquitectura/selector.tex
<Figuras/Selector_module.png, id=726, 363.5181pt x 344.0052pt>
File: Figuras/Selector_module.png Graphic file (type png)
<use Figuras/Selector_module.png>
Package pdftex.def Info: Figuras/Selector_module.png  used on input line 8.
(pdftex.def)             Requested size: 426.79134pt x 403.89645pt.
) (ACG/arquitectura/network.tex
LaTeX Info: Redefining \. on input line 1.
LaTeX Info: Redefining \% on input line 1.
LaTeX Info: Redefining \. on input line 1.
LaTeX Info: Redefining \% on input line 1.
 [94]
<Figuras/Network_module.png, id=730, 699.5736pt x 554.3109pt>
File: Figuras/Network_module.png Graphic file (type png)
<use Figuras/Network_module.png>
Package pdftex.def Info: Figuras/Network_module.png  used on input line 8.
(pdftex.def)             Requested size: 426.79134pt x 338.17145pt.
LaTeX Info: Redefining \. on input line 12.
LaTeX Info: Redefining \% on input line 12.
LaTeX Info: Redefining \. on input line 12.
LaTeX Info: Redefining \% on input line 12.
 [95 <./Figuras/Selector_module.png>]
Underfull \hbox (badness 10000) in paragraph at lines 22--34

 []

LaTeX Info: Redefining \. on input line 37.
LaTeX Info: Redefining \% on input line 37.
LaTeX Info: Redefining \. on input line 37.
LaTeX Info: Redefining \% on input line 37.
[96 <./Figuras/Network_module.png>]
<Figuras/INT_petri.png, id=739, 362.7954pt x 529.7391pt>
File: Figuras/INT_petri.png Graphic file (type png)
<use Figuras/INT_petri.png>
Package pdftex.def Info: Figuras/INT_petri.png  used on input line 42.
(pdftex.def)             Requested size: 298.75262pt x 436.2399pt.
LaTeX Info: Redefining \. on input line 46.
LaTeX Info: Redefining \% on input line 46.
LaTeX Info: Redefining \. on input line 46.
LaTeX Info: Redefining \% on input line 46.
 [97]
LaTeX Info: Redefining \. on input line 50.
LaTeX Info: Redefining \% on input line 50.
LaTeX Info: Redefining \. on input line 50.
LaTeX Info: Redefining \% on input line 50.
 [98 <./Figuras/INT_petri.png>]
(ACG/arquitectura/levelCrossings.tex
<Figuras/LCB_module.png, id=748, 625.1355pt x 388.8126pt>
File: Figuras/LCB_module.png Graphic file (type png)
<use Figuras/LCB_module.png>
Package pdftex.def Info: Figuras/LCB_module.png  used on input line 8.
(pdftex.def)             Requested size: 426.79134pt x 265.45103pt.
LaTeX Info: Redefining \. on input line 12.
LaTeX Info: Redefining \% on input line 12.
LaTeX Info: Redefining \. on input line 12.
LaTeX Info: Redefining \% on input line 12.
 [99]
<Figuras/LCB_petri.png, id=752, 593.3367pt x 632.3625pt>
File: Figuras/LCB_petri.png Graphic file (type png)
<use Figuras/LCB_petri.png>
Package pdftex.def Info: Figuras/LCB_petri.png  used on input line 19.
(pdftex.def)             Requested size: 426.79134pt x 454.8761pt.
LaTeX Info: Redefining \. on input line 23.
LaTeX Info: Redefining \% on input line 23.
LaTeX Info: Redefining \. on input line 23.
LaTeX Info: Redefining \% on input line 23.
 [100 <./Figuras/LCB_module.png>])
(ACG/arquitectura/singlesSwitches.tex
LaTeX Info: Redefining \. on input line 5.
LaTeX Info: Redefining \% on input line 5.
LaTeX Info: Redefining \. on input line 5.
LaTeX Info: Redefining \% on input line 5.
 [101 <./Figuras/LCB_petri.png>]
<Figuras/SSW_module.png, id=761, 625.1355pt x 388.8126pt>
File: Figuras/SSW_module.png Graphic file (type png)
<use Figuras/SSW_module.png>
Package pdftex.def Info: Figuras/SSW_module.png  used on input line 8.
(pdftex.def)             Requested size: 426.79134pt x 265.45103pt.
<Figuras/SSW_Petri.png, id=762, 757.3896pt x 312.9291pt>
File: Figuras/SSW_Petri.png Graphic file (type p