\BOOKMARK [0][-]{chapter.1}{\376\377\000I\000n\000t\000r\000o\000d\000u\000c\000c\000i\000\363\000n}{}% 1
\BOOKMARK [1][-]{section.1.1}{\376\377\000T\000o\000p\000o\000l\000o\000g\000\355\000a\000s\000\040\000f\000e\000r\000r\000o\000v\000i\000a\000r\000i\000a\000s}{chapter.1}% 2
\BOOKMARK [2][-]{subsection.1.1.1}{\376\377\000D\000e\000r\000i\000v\000a\000c\000i\000\363\000n\000\040\000f\000e\000r\000r\000o\000v\000i\000a\000r\000i\000a}{section.1.1}% 3
\BOOKMARK [2][-]{subsection.1.1.2}{\376\377\000E\000s\000t\000a\000c\000i\000\363\000n\000\040\000d\000e\000\040\000b\000a\000j\000a\000\040\000d\000e\000n\000s\000i\000d\000a\000d}{section.1.1}% 4
\BOOKMARK [2][-]{subsection.1.1.3}{\376\377\000E\000s\000t\000a\000c\000i\000\363\000n\000\040\000d\000e\000\040\000a\000l\000t\000a\000\040\000d\000e\000n\000s\000i\000d\000a\000d}{section.1.1}% 5
\BOOKMARK [2][-]{subsection.1.1.4}{\376\377\000E\000s\000t\000a\000c\000i\000\363\000n\000\040\000T\000e\000r\000m\000i\000n\000a\000l}{section.1.1}% 6
\BOOKMARK [1][-]{section.1.2}{\376\377\000E\000s\000t\000a\000d\000o\000\040\000d\000e\000l\000\040\000a\000r\000t\000e}{chapter.1}% 7
\BOOKMARK [2][-]{subsection.1.2.1}{\376\377\000T\000i\000p\000o\000s\000\040\000d\000e\000\040\000s\000i\000s\000t\000e\000m\000a\000s\000\040\000d\000e\000\040\000e\000n\000c\000l\000a\000v\000a\000m\000i\000e\000n\000t\000o}{section.1.2}% 8
\BOOKMARK [2][-]{subsection.1.2.2}{\376\377\000E\000m\000p\000r\000e\000s\000a\000s\000\040\000d\000e\000l\000\040\000s\000e\000c\000t\000o\000r\000\040\000f\000e\000r\000r\000o\000v\000i\000a\000r\000i\000o}{section.1.2}% 9
\BOOKMARK [2][-]{subsection.1.2.3}{\376\377\000E\000s\000t\000\341\000n\000d\000a\000r\000e\000s\000\040\000e\000x\000i\000s\000t\000e\000n\000t\000e\000s}{section.1.2}% 10
\BOOKMARK [2][-]{subsection.1.2.4}{\376\377\000R\000e\000d\000u\000n\000d\000a\000n\000c\000i\000a\000\040\000y\000\040\000d\000i\000v\000e\000r\000s\000i\000d\000a\000d\000\040\000e\000n\000\040\000s\000i\000s\000t\000e\000m\000a\000s\000\040\000f\000e\000r\000r\000o\000v\000i\000a\000r\000i\000o\000s}{section.1.2}% 11
\BOOKMARK [2][-]{subsection.1.2.5}{\376\377\000A\000n\000t\000e\000c\000e\000d\000e\000n\000t\000e\000s\000\040\000d\000e\000\040\000t\000r\000a\000b\000a\000j\000o\000s\000\040\000a\000c\000a\000d\000\351\000m\000i\000c\000o\000s\000\040\000e\000n\000\040\000l\000a\000\040\000t\000e\000m\000\341\000t\000i\000c\000a}{section.1.2}% 12
\BOOKMARK [2][-]{subsection.1.2.6}{\376\377\000T\000a\000b\000l\000a\000s\000\040\000d\000e\000\040\000e\000n\000c\000l\000a\000v\000a\000m\000i\000e\000n\000t\000o\000s}{section.1.2}% 13
\BOOKMARK [2][-]{subsection.1.2.7}{\376\377\000E\000n\000f\000o\000q\000u\000e\000\040\000f\000u\000n\000c\000i\000o\000n\000a\000l}{section.1.2}% 14
\BOOKMARK [2][-]{subsection.1.2.8}{\376\377\000E\000n\000f\000o\000q\000u\000e\000\040\000g\000e\000o\000g\000r\000\341\000f\000i\000c\000o}{section.1.2}% 15
\BOOKMARK [2][-]{subsection.1.2.9}{\376\377\000R\000a\000i\000l\000T\000o\000p\000o\000M\000o\000d\000e\000l\000:\000\040\000m\000o\000d\000e\000l\000o\000\040\000t\000o\000p\000o\000l\000\363\000g\000i\000c\000o\000\040\000d\000e\000\040\000i\000n\000f\000r\000a\000e\000s\000t\000r\000u\000c\000t\000u\000r\000a\000\040\000f\000e\000r\000r\000o\000v\000i\000a\000r\000i\000a\000\040\000b\000a\000s\000a\000d\000o\000\040\000e\000n\000\040\000g\000r\000a\000f\000o\000s}{section.1.2}% 16
\BOOKMARK [3][-]{subsubsection.1.2.9.1}{\376\377\000P\000a\000q\000u\000e\000t\000e\000\040\000b\000a\000s\000e}{subsection.1.2.9}% 17
\BOOKMARK [3][-]{subsubsection.1.2.9.2}{\376\377\000M\000o\000d\000e\000l\000o\000\040\000d\000e\000\040\000g\000r\000a\000f\000o\000s}{subsection.1.2.9}% 18
\BOOKMARK [3][-]{subsubsection.1.2.9.3}{\376\377\000T\000o\000p\000o\000l\000o\000g\000\355\000a\000\040\000y\000\040\000n\000i\000v\000e\000l\000e\000s}{subsection.1.2.9}% 19
\BOOKMARK [3][-]{subsubsection.1.2.9.4}{\376\377\000P\000o\000s\000i\000c\000i\000o\000n\000a\000m\000i\000e\000n\000t\000o}{subsection.1.2.9}% 20
\BOOKMARK [2][-]{subsection.1.2.10}{\376\377\000R\000a\000i\000l\000M\000L}{section.1.2}% 21
\BOOKMARK [3][-]{subsubsection.1.2.10.1}{\376\377\000R\000a\000i\000l\000M\000L\000\040\0003\000.\0000}{subsection.1.2.10}% 22
\BOOKMARK [3][-]{subsubsection.1.2.10.2}{\376\377\000U\000s\000o\000\040\000d\000e\000l\000\040\000e\000s\000t\000\341\000n\000d\000a\000r\000\040\000r\000a\000i\000l\000M\000L\000\040\000e\000n\000\040\000l\000a\000\040\000i\000n\000d\000u\000s\000t\000r\000i\000a\000\040\000f\000e\000r\000r\000o\000v\000i\000a\000r\000i\000a}{subsection.1.2.10}% 23
\BOOKMARK [1][-]{section.1.3}{\376\377\000C\000o\000n\000t\000e\000x\000t\000o\000\040\000d\000e\000\040\000n\000u\000e\000s\000t\000r\000o\000\040\000g\000r\000u\000p\000o\000\040\000d\000e\000\040\000i\000n\000v\000e\000s\000t\000i\000g\000a\000c\000i\000\363\000n\000\040\000y\000\040\000l\000o\000s\000\040\000t\000r\000a\000b\000a\000j\000o\000s\000\040\000r\000e\000a\000l\000i\000z\000a\000d\000o\000s}{chapter.1}% 24
\BOOKMARK [1][-]{section.1.4}{\376\377\000P\000r\000i\000n\000c\000i\000p\000i\000o\000s\000\040\000d\000e\000\040\000s\000e\000\361\000a\000l\000a\000m\000i\000e\000n\000t\000o\000\040\000f\000e\000r\000r\000o\000v\000i\000a\000r\000i\000o}{chapter.1}% 25
\BOOKMARK [1][-]{section.1.5}{\376\377\000O\000b\000j\000e\000t\000i\000v\000o\000\040\000d\000e\000\040\000e\000s\000t\000a\000\040\000t\000e\000s\000i\000s}{chapter.1}% 26
\BOOKMARK [2][-]{subsection.1.5.1}{\376\377\000E\000n\000f\000o\000q\000u\000e\000\040\000a\000p\000l\000i\000c\000a\000d\000o}{section.1.5}% 27
\BOOKMARK [2][-]{subsection.1.5.2}{\376\377\000A\000r\000q\000u\000i\000t\000e\000c\000t\000u\000r\000a\000\040\000d\000e\000l\000\040\000s\000i\000s\000t\000e\000m\000a}{section.1.5}% 28
\BOOKMARK [2][-]{subsection.1.5.3}{\376\377\000A\000m\000e\000n\000a\000z\000a\000s\000\040\000a\000\040\000l\000a\000\040\000v\000a\000l\000i\000d\000e\000z\000\040\000d\000e\000l\000\040\000s\000i\000s\000t\000e\000m\000a}{section.1.5}% 29
\BOOKMARK [0][-]{chapter.2}{\376\377\000R\000a\000i\000l\000w\000a\000y\000\040\000N\000e\000t\000w\000o\000r\000k\000\040\000A\000n\000a\000l\000y\000z\000e\000r\000\040\000\050\000R\000N\000A\000\051}{}% 30
\BOOKMARK [1][-]{section.2.1}{\376\377\000B\000i\000b\000l\000i\000o\000t\000e\000c\000a\000\040\000R\000a\000i\000l\000M\000L}{chapter.2}% 31
\BOOKMARK [2][-]{subsection.2.1.1}{\376\377\000C\000a\000m\000p\000o\000\040\000d\000e\000\040\000m\000e\000t\000a\000d\000a\000t\000o\000s}{section.2.1}% 32
\BOOKMARK [2][-]{subsection.2.1.2}{\376\377\000C\000l\000a\000s\000e\000\040\000c\000o\000m\000m\000o\000n}{section.2.1}% 33
\BOOKMARK [2][-]{subsection.2.1.3}{\376\377\000I\000n\000f\000r\000a\000e\000s\000t\000r\000u\000c\000t\000u\000r\000a\000\040\000y\000\040\000r\000e\000d\000e\000s\000\040\000d\000e\000\040\000g\000r\000a\000f\000o\000s}{section.2.1}% 34
\BOOKMARK [2][-]{subsection.2.1.4}{\376\377\000V\000\355\000a\000s}{section.2.1}% 35
\BOOKMARK [2][-]{subsection.2.1.5}{\376\377\000F\000i\000n\000\040\000d\000e\000\040\000v\000\355\000a\000\040\000y\000\040\000t\000r\000a\000n\000s\000i\000c\000i\000o\000n\000e\000s}{section.2.1}% 36
\BOOKMARK [2][-]{subsection.2.1.6}{\376\377\000S\000i\000s\000t\000e\000m\000a\000s\000\040\000d\000e\000\040\000d\000e\000t\000e\000c\000c\000i\000\363\000n\000\040\000d\000e\000\040\000f\000o\000r\000m\000a\000c\000i\000o\000n\000e\000s\000\040\000f\000e\000r\000r\000o\000v\000i\000a\000r\000i\000a\000s}{section.2.1}% 37
\BOOKMARK [2][-]{subsection.2.1.7}{\376\377\000E\000s\000t\000a\000c\000i\000o\000n\000e\000s\000\040\000f\000e\000r\000r\000o\000v\000i\000a\000r\000i\000a\000s}{section.2.1}% 38
\BOOKMARK [2][-]{subsection.2.1.8}{\376\377\000C\000r\000u\000c\000e\000s\000\040\000f\000e\000r\000r\000o\000v\000i\000a\000r\000i\000o\000s}{section.2.1}% 39
\BOOKMARK [2][-]{subsection.2.1.9}{\376\377\000M\000\341\000q\000u\000i\000n\000a\000\040\000d\000e\000\040\000c\000a\000m\000b\000i\000o\000s}{section.2.1}% 40
\BOOKMARK [2][-]{subsection.2.1.10}{\376\377\000S\000e\000\361\000a\000l\000e\000s\000\040\000f\000e\000r\000r\000o\000v\000i\000a\000r\000i\000a\000s}{section.2.1}% 41
\BOOKMARK [1][-]{section.2.2}{\376\377\000A\000l\000g\000o\000r\000i\000t\000m\000o\000s\000\040\000d\000e\000\040\000g\000e\000n\000e\000r\000a\000c\000i\000\363\000n\000\040\000d\000e\000\040\000s\000e\000\361\000a\000l\000a\000m\000i\000e\000n\000t\000o}{chapter.2}% 42
\BOOKMARK [2][-]{subsection.2.2.1}{\376\377\000S\000e\000\361\000a\000l\000i\000z\000a\000c\000i\000\363\000n\000\040\000e\000n\000\040\000f\000i\000n\000\040\000d\000e\000\040\000v\000\355\000a\000\040\000y\000\040\000t\000r\000a\000n\000s\000i\000c\000i\000o\000n\000e\000s}{section.2.2}% 43
\BOOKMARK [2][-]{subsection.2.2.2}{\376\377\000D\000e\000t\000e\000c\000t\000o\000r\000e\000s\000\040\000d\000e\000\040\000p\000o\000s\000i\000c\000i\000\363\000n\000\040\000y\000\040\000v\000e\000l\000o\000c\000i\000d\000a\000d\000.}{section.2.2}% 44
\BOOKMARK [2][-]{subsection.2.2.3}{\376\377\000P\000l\000a\000t\000a\000f\000o\000r\000m\000a\000s\000\040\000f\000e\000r\000r\000o\000v\000i\000a\000r\000i\000a\000s}{section.2.2}% 45
\BOOKMARK [2][-]{subsection.2.2.4}{\376\377\000P\000a\000s\000o\000s\000\040\000a\000\040\000n\000i\000v\000e\000l}{section.2.2}% 46
\BOOKMARK [2][-]{subsection.2.2.5}{\376\377\000M\000a\000q\000u\000i\000n\000a\000s\000\040\000d\000e\000\040\000c\000a\000m\000b\000i\000o\000s}{section.2.2}% 47
\BOOKMARK [1][-]{section.2.3}{\376\377\000A\000l\000g\000o\000r\000i\000t\000m\000o\000s\000\040\000d\000e\000\040\000s\000i\000m\000p\000l\000i\000f\000i\000c\000a\000c\000i\000\363\000n\000\040\000d\000e\000\040\000s\000e\000\361\000a\000l\000a\000m\000i\000e\000n\000t\000o}{chapter.2}% 48
\BOOKMARK [2][-]{subsection.2.3.1}{\376\377\000A\000l\000g\000o\000r\000i\000t\000m\000o\000\040\000d\000e\000\040\000s\000i\000m\000p\000l\000i\000f\000i\000c\000a\000c\000i\000\363\000n\000\040\000p\000o\000r\000\040\000h\000e\000r\000e\000n\000c\000i\000a\000\040\000v\000e\000r\000t\000i\000c\000a\000l}{section.2.3}% 49
\BOOKMARK [2][-]{subsection.2.3.2}{\376\377\000A\000l\000g\000o\000r\000i\000t\000m\000o\000\040\000d\000e\000\040\000s\000i\000m\000p\000l\000i\000f\000i\000c\000a\000c\000i\000\363\000n\000\040\000p\000o\000r\000\040\000h\000e\000r\000e\000n\000c\000i\000a\000\040\000h\000o\000r\000i\000z\000o\000n\000t\000a\000l}{section.2.3}% 50
\BOOKMARK [2][-]{subsection.2.3.3}{\376\377\000L\000i\000m\000p\000i\000e\000z\000a\000\040\000d\000e\000\040\000s\000e\000\361\000a\000l\000e\000s}{section.2.3}% 51
\BOOKMARK [1][-]{section.2.4}{\376\377\000G\000e\000n\000e\000r\000a\000c\000i\000\363\000n\000\040\000d\000e\000\040\000l\000a\000s\000\040\000t\000a\000b\000l\000a\000s\000\040\000d\000e\000\040\000e\000n\000c\000l\000a\000v\000a\000m\000i\000e\000n\000t\000o}{chapter.2}% 52
\BOOKMARK [1][-]{section.2.5}{\376\377\000V\000a\000l\000i\000d\000a\000c\000i\000\363\000n\000\040\000d\000e\000l\000\040\000s\000e\000\361\000a\000l\000a\000m\000i\000e\000n\000t\000o\000\040\000y\000\040\000l\000a\000s\000\040\000t\000a\000b\000l\000a\000s\000\040\000d\000e\000\040\000e\000n\000c\000l\000a\000v\000a\000m\000i\000e\000n\000t\000o}{chapter.2}% 53
\BOOKMARK [1][-]{section.2.6}{\376\377\000V\000a\000l\000i\000d\000a\000c\000i\000\363\000n\000\040\000d\000e\000\040\000p\000r\000i\000n\000c\000i\000p\000i\000o\000s\000\040\000d\000e\000\040\000s\000e\000\361\000a\000l\000a\000m\000i\000e\000n\000t\000o\000\040\000f\000e\000r\000r\000o\000v\000i\000a\000r\000i\000o}{chapter.2}% 54
\BOOKMARK [2][-]{subsection.2.6.1}{\376\377\000V\000a\000l\000i\000d\000a\000c\000i\000\363\000n\000\040\000d\000e\000l\000\040\000p\000r\000i\000n\000c\000i\000p\000i\000o\000\040\000d\000e\000\040\000a\000u\000t\000o\000r\000i\000d\000a\000d}{section.2.6}% 55
\BOOKMARK [2][-]{subsection.2.6.2}{\376\377\000V\000a\000l\000i\000d\000a\000c\000i\000\363\000n\000\040\000d\000e\000l\000\040\000p\000r\000i\000n\000c\000i\000p\000i\000o\000\040\000d\000e\000\040\000c\000l\000a\000r\000i\000d\000a\000d}{section.2.6}% 56
\BOOKMARK [2][-]{subsection.2.6.3}{\376\377\000V\000a\000l\000i\000d\000a\000c\000i\000\363\000n\000\040\000d\000e\000l\000\040\000p\000r\000i\000n\000c\000i\000p\000i\000o\000\040\000d\000e\000\040\000a\000n\000t\000i\000c\000i\000p\000a\000c\000i\000\363\000n}{section.2.6}% 57
\BOOKMARK [2][-]{subsection.2.6.4}{\376\377\000V\000a\000l\000i\000d\000a\000c\000i\000\363\000n\000\040\000d\000e\000l\000\040\000p\000r\000i\000n\000c\000i\000p\000i\000o\000\040\000d\000e\000\040\000g\000r\000a\000n\000u\000l\000a\000r\000i\000d\000a\000d}{section.2.6}% 58
\BOOKMARK [2][-]{subsection.2.6.5}{\376\377\000V\000a\000l\000i\000d\000a\000c\000i\000\363\000n\000\040\000d\000e\000l\000\040\000p\000r\000i\000n\000c\000i\000p\000i\000o\000\040\000d\000e\000\040\000t\000e\000r\000m\000i\000n\000a\000l\000i\000d\000a\000d}{section.2.6}% 59
\BOOKMARK [2][-]{subsection.2.6.6}{\376\377\000V\000a\000l\000i\000d\000a\000c\000i\000\363\000n\000\040\000d\000e\000l\000\040\000p\000r\000i\000n\000c\000i\000p\000i\000o\000\040\000d\000e\000\040\000i\000n\000f\000r\000a\000e\000s\000t\000r\000u\000c\000t\000u\000r\000a}{section.2.6}% 60
\BOOKMARK [2][-]{subsection.2.6.7}{\376\377\000V\000a\000l\000i\000d\000a\000c\000i\000\363\000n\000\040\000d\000e\000l\000\040\000p\000r\000i\000n\000c\000i\000p\000i\000o\000\040\000d\000e\000\040\000n\000o\000\040\000b\000l\000o\000q\000u\000e\000o}{section.2.6}% 61
\BOOKMARK [0][-]{chapter.3}{\376\377\000A\000u\000t\000o\000m\000a\000t\000i\000c\000\040\000C\000o\000d\000e\000\040\000G\000e\000n\000e\000r\000a\000t\000o\000r\000\040\000\050\000A\000C\000G\000\051}{}% 62
\BOOKMARK [1][-]{subsection.3.0.1}{\376\377\000S\000i\000s\000t\000e\000m\000a\000s\000\040\000d\000e\000\040\000e\000n\000c\000l\000a\000v\000a\000m\000i\000e\000n\000t\000o}{chapter.3}% 63
\BOOKMARK [2][-]{subsubsection.3.0.1.1}{\376\377\000B\000l\000o\000q\000u\000e\000o\000\040\000d\000e\000\040\000m\000\341\000q\000u\000i\000n\000a\000\040\000d\000e\000\040\000c\000a\000m\000b\000i\000o\000s\000\040\000p\000o\000r\000\040\000o\000c\000u\000p\000a\000c\000i\000\363\000n}{subsection.3.0.1}% 64
\BOOKMARK [3][-]{subsubsection.3.0.1.2}{\376\377\000R\000e\000q\000u\000e\000r\000i\000m\000i\000e\000n\000t\000o\000\040\000d\000e\000\040\000r\000u\000t\000a\000s\000\040\000y\000\040\000b\000l\000o\000q\000u\000e\000o\000\040\000d\000e\000\040\000c\000a\000m\000b\000i\000o\000s\000\040\000e\000n\000\040\000r\000u\000t\000a}{subsubsection.3.0.1.1}% 65
\BOOKMARK [3][-]{subsubsection.3.0.1.3}{\376\377\000P\000r\000o\000t\000e\000c\000c\000i\000\363\000n\000\040\000p\000o\000r\000\040\000a\000p\000r\000o\000x\000i\000m\000a\000c\000i\000\363\000n}{subsubsection.3.0.1.1}% 66
\BOOKMARK [3][-]{subsubsection.3.0.1.4}{\376\377\000P\000r\000o\000t\000e\000c\000c\000i\000\363\000n\000\040\000p\000o\000r\000\040\000s\000o\000l\000a\000p\000e}{subsubsection.3.0.1.1}% 67
\BOOKMARK [3][-]{subsubsection.3.0.1.5}{\376\377\000D\000o\000b\000l\000e\000\040\000r\000e\000c\000u\000b\000r\000i\000m\000i\000e\000n\000t\000o}{subsubsection.3.0.1.1}% 68
\BOOKMARK [3][-]{subsubsection.3.0.1.6}{\376\377\000L\000i\000b\000e\000r\000a\000c\000i\000\363\000n\000\040\000s\000e\000c\000u\000e\000n\000c\000i\000a\000l}{subsubsection.3.0.1.1}% 69
\BOOKMARK [1][-]{section.3.1}{\376\377\000A\000r\000q\000u\000i\000t\000e\000c\000t\000u\000r\000a\000\040\000d\000e\000l\000\040\000s\000i\000s\000t\000e\000m\000a}{chapter.3}% 70
\BOOKMARK [2][-]{subsection.3.1.1}{\376\377\000M\000o\000d\000u\000l\000o\000\040\000d\000e\000\040\000c\000o\000m\000u\000n\000i\000c\000a\000c\000i\000o\000n}{section.3.1}% 71
\BOOKMARK [3][-]{subsubsection.3.1.1.1}{\376\377\000C\000o\000d\000i\000f\000i\000c\000a\000d\000o\000r}{subsection.3.1.1}% 72
\BOOKMARK [3][-]{subsubsection.3.1.1.2}{\376\377\000D\000e\000c\000o\000d\000i\000f\000i\000c\000a\000d\000o\000r}{subsection.3.1.1}% 73
\BOOKMARK [2][-]{subsection.3.1.2}{\376\377\000M\000o\000d\000u\000l\000o\000\040\000d\000e\000\040\000e\000n\000c\000l\000a\000v\000a\000m\000i\000e\000n\000t\000o}{section.3.1}% 74
\BOOKMARK [1][-]{section.3.2}{\376\377\000M\000o\000d\000e\000l\000a\000d\000o\000\040\000d\000e\000l\000\040\000s\000i\000s\000t\000e\000m\000a}{chapter.3}% 75
\BOOKMARK [2][-]{subsection.3.2.1}{\376\377\000M\000o\000d\000e\000l\000o\000\040\000d\000i\000n\000a\000m\000i\000c\000o\000\040\000d\000e\000\040\000l\000o\000s\000\040\000c\000r\000u\000c\000e\000s\000\040\000d\000e\000\040\000v\000i\000a}{section.3.2}% 76
\BOOKMARK [2][-]{subsection.3.2.2}{\376\377\000M\000o\000d\000e\000l\000o\000\040\000d\000i\000n\000a\000m\000i\000c\000o\000\040\000d\000e\000\040\000l\000a\000s\000\040\000m\000a\000q\000u\000i\000n\000a\000s\000\040\000d\000e\000\040\000c\000a\000m\000b\000i\000o\000s}{section.3.2}% 77
\BOOKMARK [2][-]{subsection.3.2.3}{\376\377\000M\000o\000d\000e\000l\000o\000\040\000d\000i\000n\000a\000m\000i\000c\000o\000\040\000d\000e\000\040\000l\000a\000s\000\040\000s\000e\000\361\000a\000l\000e\000s}{section.3.2}% 78
\BOOKMARK [1][-]{section.3.3}{\376\377\000R\000e\000d\000u\000n\000d\000a\000n\000c\000i\000a}{chapter.3}% 79
\BOOKMARK [1][-]{section.3.4}{\376\377\000V\000a\000l\000i\000d\000a\000c\000i\000o\000n\000\040\000d\000e\000\040\000l\000a\000\040\000i\000m\000p\000l\000e\000m\000e\000n\000t\000a\000c\000i\000o\000n}{chapter.3}% 80
\BOOKMARK [0][-]{chapter.4}{\376\377\000R\000e\000s\000u\000l\000t\000a\000d\000o\000s\000\040\000o\000b\000t\000e\000n\000i\000d\000o\000s}{}% 81
\BOOKMARK [1][-]{section.4.1}{\376\377\000E\000j\000e\000m\000p\000l\000o\000\040\0001}{chapter.4}% 82
\BOOKMARK [2][-]{subsection.4.1.1}{\376\377\000S\000e\000\361\000a\000l\000a\000m\000i\000e\000n\000t\000o\000\040\000o\000r\000i\000g\000i\000n\000a\000l}{section.4.1}% 83
\BOOKMARK [2][-]{subsection.4.1.2}{\376\377\000S\000e\000\361\000a\000l\000a\000m\000i\000e\000n\000t\000o\000\040\000g\000e\000n\000e\000r\000a\000d\000o\000\040\000p\000o\000r\000\040\000e\000l\000\040\000R\000N\000A}{section.4.1}% 84
\BOOKMARK [2][-]{subsection.4.1.3}{\376\377\000S\000i\000s\000t\000e\000m\000a\000\040\000s\000i\000n\000t\000e\000t\000i\000z\000a\000d\000o}{section.4.1}% 85
\BOOKMARK [2][-]{subsection.4.1.4}{\376\377\000V\000a\000l\000i\000d\000a\000c\000i\000o\000n\000\040\000d\000e\000l\000\040\000s\000i\000s\000t\000e\000m\000a}{section.4.1}% 86
\BOOKMARK [1][-]{section.4.2}{\376\377\000E\000j\000e\000m\000p\000l\000o\000\040\0002}{chapter.4}% 87
\BOOKMARK [2][-]{subsection.4.2.1}{\376\377\000S\000e\000\361\000a\000l\000a\000m\000i\000e\000n\000t\000o\000\040\000o\000r\000i\000g\000i\000n\000a\000l}{section.4.2}% 88
\BOOKMARK [2][-]{subsection.4.2.2}{\376\377\000S\000e\000\361\000a\000l\000a\000m\000i\000e\000n\000t\000o\000\040\000g\000e\000n\000e\000r\000a\000d\000o\000\040\000p\000o\000r\000\040\000e\000l\000\040\000R\000N\000A}{section.4.2}% 89
\BOOKMARK [2][-]{subsection.4.2.3}{\376\377\000S\000i\000s\000t\000e\000m\000a\000\040\000s\000i\000n\000t\000e\000t\000i\000z\000a\000d\000o}{section.4.2}% 90
\BOOKMARK [2][-]{subsection.4.2.4}{\376\377\000V\000a\000l\000i\000d\000a\000c\000i\000o\000n\000\040\000d\000e\000l\000\040\000s\000i\000s\000t\000e\000m\000a}{section.4.2}% 91
\BOOKMARK [1][-]{section.4.3}{\376\377\000E\000j\000e\000m\000p\000l\000o\000\040\0003}{chapter.4}% 92
\BOOKMARK [2][-]{subsection.4.3.1}{\376\377\000S\000e\000\361\000a\000l\000a\000m\000i\000e\000n\000t\000o\000\040\000o\000r\000i\000g\000i\000n\000a\000l}{section.4.3}% 93
\BOOKMARK [2][-]{subsection.4.3.2}{\376\377\000S\000e\000\361\000a\000l\000a\000m\000i\000e\000n\000t\000o\000\040\000g\000e\000n\000e\000r\000a\000d\000o\000\040\000p\000o\000r\000\040\000e\000l\000\040\000R\000N\000A}{section.4.3}% 94
\BOOKMARK [2][-]{subsection.4.3.3}{\376\377\000S\000i\000s\000t\000e\000m\000a\000\040\000s\000i\000n\000t\000e\000t\000i\000z\000a\000d\000o}{section.4.3}% 95
\BOOKMARK [2][-]{subsection.4.3.4}{\376\377\000V\000a\000l\000i\000d\000a\000c\000i\000o\000n\000\040\000d\000e\000l\000\040\000s\000i\000s\000t\000e\000m\000a}{section.4.3}% 96
\BOOKMARK [1][-]{section.4.4}{\376\377\000E\000j\000e\000m\000p\000l\000o\000\040\0004}{chapter.4}% 97
\BOOKMARK [2][-]{subsection.4.4.1}{\376\377\000S\000e\000\361\000a\000l\000a\000m\000i\000e\000n\000t\000o\000\040\000o\000r\000i\000g\000i\000n\000a\000l}{section.4.4}% 98
\BOOKMARK [2][-]{subsection.4.4.2}{\376\377\000S\000e\000\361\000a\000l\000a\000m\000i\000e\000n\000t\000o\000\040\000g\000e\000n\000e\000r\000a\000d\000o\000\040\000p\000o\000r\000\040\000e\000l\000\040\000R\000N\000A}{section.4.4}% 99
\BOOKMARK [2][-]{subsection.4.4.3}{\376\377\000S\000i\000s\000t\000e\000m\000a\000\040\000s\000i\000n\000t\000e\000t\000i\000z\000a\000d\000o}{section.4.4}% 100
\BOOKMARK [2][-]{subsection.4.4.4}{\376\377\000V\000a\000l\000i\000d\000a\000c\000i\000o\000n\000\040\000d\000e\000l\000\040\000s\000i\000s\000t\000e\000m\000a}{section.4.4}% 101
\BOOKMARK [1][-]{section.4.5}{\376\377\000E\000j\000e\000m\000p\000l\000o\000\040\0005}{chapter.4}% 102
\BOOKMARK [2][-]{subsection.4.5.1}{\376\377\000S\000e\000\361\000a\000l\000a\000m\000i\000e\000n\000t\000o\000\040\000o\000r\000i\000g\000i\000n\000a\000l}{section.4.5}% 103
\BOOKMARK [2][-]{subsection.4.5.2}{\376\377\000S\000e\000\361\000a\000l\000a\000m\000i\000e\000n\000t\000o\000\040\000g\000e\000n\000e\000r\000a\000d\000o\000\040\000p\000o\000r\000\040\000e\000l\000\040\000R\000N\000A}{section.4.5}% 104
\BOOKMARK [2][-]{subsection.4.5.3}{\376\377\000S\000i\000s\000t\000e\000m\000a\000\040\000s\000i\000n\000t\000e\000t\000i\000z\000a\000d\000o}{section.4.5}% 105
\BOOKMARK [2][-]{subsection.4.5.4}{\376\377\000V\000a\000l\000i\000d\000a\000c\000i\000o\000n\000\040\000d\000e\000l\000\040\000s\000i\000s\000t\000e\000m\000a}{section.4.5}% 106
\BOOKMARK [1][-]{section.4.6}{\376\377\000E\000j\000e\000m\000p\000l\000o\000\040\0006}{chapter.4}% 107
\BOOKMARK [2][-]{subsection.4.6.1}{\376\377\000S\000e\000\361\000a\000l\000a\000m\000i\000e\000n\000t\000o\000\040\000o\000r\000i\000g\000i\000n\000a\000l}{section.4.6}% 108
\BOOKMARK [2][-]{subsection.4.6.2}{\376\377\000S\000e\000\361\000a\000l\000a\000m\000i\000e\000n\000t\000o\000\040\000g\000e\000n\000e\000r\000a\000d\000o\000\040\000p\000o\000r\000\040\000e\000l\000\040\000R\000N\000A}{section.4.6}% 109
\BOOKMARK [2][-]{subsection.4.6.3}{\376\377\000S\000i\000s\000t\000e\000m\000a\000\040\000s\000i\000n\000t\000e\000t\000i\000z\000a\000d\000o}{section.4.6}% 110
\BOOKMARK [2][-]{subsection.4.6.4}{\376\377\000V\000a\000l\000i\000d\000a\000c\000i\000o\000n\000\040\000d\000e\000l\000\040\000s\000i\000s\000t\000e\000m\000a}{section.4.6}% 111
\BOOKMARK [1][-]{section.4.7}{\376\377\000E\000j\000e\000m\000p\000l\000o\000\040\0007}{chapter.4}% 112
\BOOKMARK [2][-]{subsection.4.7.1}{\376\377\000S\000e\000\361\000a\000l\000a\000m\000i\000e\000n\000t\000o\000\040\000o\000r\000i\000g\000i\000n\000a\000l}{section.4.7}% 113
\BOOKMARK [2][-]{subsection.4.7.2}{\376\377\000S\000e\000\361\000a\000l\000a\000m\000i\000e\000n\000t\000o\000\040\000g\000e\000n\000e\000r\000a\000d\000o\000\040\000p\000o\000r\000\040\000e\000l\000\040\000R\000N\000A}{section.4.7}% 114
\BOOKMARK [2][-]{subsection.4.7.3}{\376\377\000S\000i\000s\000t\000e\000m\000a\000\040\000s\000i\000n\000t\000e\000t\000i\000z\000a\000d\000o}{section.4.7}% 115
\BOOKMARK [2][-]{subsection.4.7.4}{\376\377\000V\000a\000l\000i\000d\000a\000c\000i\000o\000n\000\040\000d\000e\000l\000\040\000s\000i\000s\000t\000e\000m\000a}{section.4.7}% 116
\BOOKMARK [1][-]{section.4.8}{\376\377\000E\000j\000e\000m\000p\000l\000o\000\040\0008}{chapter.4}% 117
\BOOKMARK [2][-]{subsection.4.8.1}{\376\377\000S\000e\000\361\000a\000l\000a\000m\000i\000e\000n\000t\000o\000\040\000o\000r\000i\000g\000i\000n\000a\000l}{section.4.8}% 118
\BOOKMARK [2][-]{subsection.4.8.2}{\376\377\000S\000e\000\361\000a\000l\000a\000m\000i\000e\000n\000t\000o\000\040\000g\000e\000n\000e\000r\000a\000d\000o\000\040\000p\000o\000r\000\040\000e\000l\000\040\000R\000N\000A}{section.4.8}% 119
\BOOKMARK [2][-]{subsection.4.8.3}{\376\377\000S\000i\000s\000t\000e\000m\000a\000\040\000s\000i\000n\000t\000e\000t\000i\000z\000a\000d\000o}{section.4.8}% 120
\BOOKMARK [2][-]{subsection.4.8.4}{\376\377\000V\000a\000l\000i\000d\000a\000c\000i\000o\000n\000\040\000d\000e\000l\000\040\000s\000i\000s\000t\000e\000m\000a}{section.4.8}% 121
\BOOKMARK [0][-]{chapter.5}{\376\377\000C\000o\000n\000c\000l\000u\000s\000i\000o\000n\000e\000s}{}% 122
\BOOKMARK [1][-]{section.5.1}{\376\377\000R\000e\000s\000u\000l\000t\000a\000d\000o\000s\000\040\000o\000b\000t\000e\000n\000i\000d\000o\000s}{chapter.5}% 123
\BOOKMARK [1][-]{section.5.2}{\376\377\000T\000r\000a\000b\000a\000j\000o\000\040\000f\000u\000t\000u\000r\000o}{chapter.5}% 124
